2025-05-20 22:35:25.291 [info] Reading sessions from keychain...
2025-05-20 22:35:25.291 [info] Getting sessions for all scopes...
2025-05-20 22:35:25.292 [info] Getting sessions for all scopes...
2025-05-20 22:35:25.292 [info] Getting sessions for all scopes...
2025-05-20 22:35:25.292 [info] Got stored sessions!
2025-05-20 22:35:25.292 [info] Got 1 verified sessions.
2025-05-20 22:35:25.292 [info] Got 1 sessions for ...
2025-05-20 22:35:25.292 [info] Got 1 sessions for ...
2025-05-20 22:35:25.292 [info] Got 1 sessions for ...
2025-05-20 22:35:25.292 [info] Getting sessions for all scopes...
2025-05-20 22:35:25.292 [info] Got 1 sessions for ...
2025-05-20 22:35:25.292 [info] Getting sessions for all scopes...
2025-05-20 22:35:25.292 [info] Got 1 sessions for ...
2025-05-20 22:35:25.292 [info] Getting sessions for all scopes...
2025-05-20 22:35:25.292 [info] Got 1 sessions for ...
2025-05-20 22:35:25.292 [info] Getting sessions for all scopes...
2025-05-20 22:35:25.292 [info] Got 1 sessions for ...
2025-05-20 22:35:25.292 [info] Getting sessions for all scopes...
2025-05-20 22:35:25.292 [info] Got 1 sessions for ...
2025-05-20 22:35:25.292 [info] Getting sessions for all scopes...
2025-05-20 22:35:25.292 [info] Got 1 sessions for ...
2025-05-20 22:35:25.292 [info] Getting sessions for all scopes...
2025-05-20 22:35:25.292 [info] Got 1 sessions for ...
2025-05-20 22:35:25.292 [info] Getting sessions for all scopes...
2025-05-20 22:35:25.292 [info] Got 1 sessions for ...
2025-05-20 22:35:25.292 [info] Getting sessions for all scopes...
2025-05-20 22:35:25.292 [info] Got 1 sessions for ...
2025-05-20 22:35:25.292 [info] Getting sessions for all scopes...
2025-05-20 22:35:25.292 [info] Got 1 sessions for ...
2025-05-20 22:35:25.292 [info] Getting sessions for all scopes...
2025-05-20 22:35:25.292 [info] Got 1 sessions for ...
2025-05-20 22:35:25.292 [info] Getting sessions for all scopes...
2025-05-20 22:35:25.292 [info] Got 1 sessions for ...
2025-05-20 22:35:25.292 [info] Getting sessions for all scopes...
2025-05-20 22:35:25.292 [info] Got 1 sessions for ...
2025-05-20 22:35:25.292 [info] Getting sessions for all scopes...
2025-05-20 22:35:25.292 [info] Got 1 sessions for ...
2025-05-20 22:35:26.456 [info] Getting sessions for read:user,repo,user:email,workflow...
2025-05-20 22:35:26.456 [info] Got 0 sessions for read:user,repo,user:email,workflow...
2025-05-20 22:35:27.296 [info] Getting sessions for all scopes...
2025-05-20 22:35:27.296 [info] Got 1 sessions for ...
2025-05-20 22:35:27.411 [info] Getting sessions for user:email...
2025-05-20 22:35:27.411 [info] Got 1 sessions for user:email...
2025-05-20 22:35:27.411 [info] Getting sessions for read:user,repo,user:email,workflow...
2025-05-20 22:35:27.411 [info] Got 0 sessions for read:user,repo,user:email,workflow...
2025-05-20 22:35:27.744 [info] Getting sessions for all scopes...
2025-05-20 22:35:27.744 [info] Got 1 sessions for ...
2025-05-20 22:35:27.893 [info] Getting sessions for all scopes...
2025-05-20 22:35:27.893 [info] Got 1 sessions for ...
2025-05-20 22:35:27.933 [info] Getting sessions for all scopes...
2025-05-20 22:35:27.933 [info] Got 1 sessions for ...
2025-05-20 22:35:27.933 [info] Getting sessions for read:user,repo,user:email,workflow...
2025-05-20 22:35:27.933 [info] Got 0 sessions for read:user,repo,user:email,workflow...
2025-05-20 22:35:28.043 [info] Getting sessions for all scopes...
2025-05-20 22:35:28.043 [info] Got 1 sessions for ...
2025-05-20 22:35:28.043 [info] Getting sessions for all scopes...
2025-05-20 22:35:28.043 [info] Got 1 sessions for ...
2025-05-20 22:35:28.079 [info] Getting sessions for read:user...
2025-05-20 22:35:28.079 [info] Got 0 sessions for read:user...
2025-05-20 22:35:28.645 [info] Getting sessions for read:user,repo,user:email,workflow...
2025-05-20 22:35:28.645 [info] Got 0 sessions for read:user,repo,user:email,workflow...
2025-05-20 22:35:28.702 [info] Getting sessions for user:email...
2025-05-20 22:35:28.702 [info] Got 1 sessions for user:email...
2025-05-20 22:35:28.754 [info] Getting sessions for user:email...
2025-05-20 22:35:28.754 [info] Got 1 sessions for user:email...
2025-05-20 22:35:29.093 [info] Getting sessions for all scopes...
2025-05-20 22:35:29.093 [info] Got 1 sessions for ...
2025-05-20 22:35:29.125 [info] Getting sessions for read:user,repo,user:email,workflow...
2025-05-20 22:35:29.125 [info] Got 0 sessions for read:user,repo,user:email,workflow...
2025-05-20 22:35:29.135 [info] Getting sessions for user:email...
2025-05-20 22:35:29.135 [info] Got 1 sessions for user:email...
2025-05-20 22:35:29.938 [info] Getting sessions for all scopes...
2025-05-20 22:35:29.938 [info] Got 1 sessions for ...
2025-05-20 22:35:29.938 [info] Getting sessions for all scopes...
2025-05-20 22:35:29.938 [info] Got 1 sessions for ...
2025-05-20 22:35:29.955 [info] Getting sessions for read:user,repo,user:email,workflow...
2025-05-20 22:35:29.955 [info] Got 0 sessions for read:user,repo,user:email,workflow...
2025-05-20 22:35:29.956 [info] Getting sessions for user:email...
2025-05-20 22:35:29.956 [info] Got 1 sessions for user:email...
2025-05-20 22:35:29.956 [info] Getting sessions for read:user,repo,user:email,workflow...
2025-05-20 22:35:29.956 [info] Got 0 sessions for read:user,repo,user:email,workflow...
2025-05-20 22:35:29.958 [info] Getting sessions for all scopes...
2025-05-20 22:35:29.958 [info] Got 1 sessions for ...
2025-05-20 22:35:29.959 [info] Getting sessions for read:user,repo,user:email,workflow...
2025-05-20 22:35:29.959 [info] Got 0 sessions for read:user,repo,user:email,workflow...
2025-05-20 22:35:29.960 [info] Getting sessions for user:email...
2025-05-20 22:35:29.961 [info] Got 1 sessions for user:email...
2025-05-20 22:35:30.081 [info] Getting sessions for all scopes...
2025-05-20 22:35:30.081 [info] Got 1 sessions for ...
2025-05-20 22:35:30.085 [info] Getting sessions for all scopes...
2025-05-20 22:35:30.085 [info] Got 1 sessions for ...
2025-05-20 22:35:30.088 [info] Getting sessions for read:user,repo,user:email,workflow...
2025-05-20 22:35:30.088 [info] Got 0 sessions for read:user,repo,user:email,workflow...
2025-05-20 22:35:30.089 [info] Getting sessions for user:email...
2025-05-20 22:35:30.089 [info] Got 1 sessions for user:email...
2025-05-20 22:35:30.089 [info] Getting sessions for read:user,repo,user:email,workflow...
2025-05-20 22:35:30.089 [info] Got 0 sessions for read:user,repo,user:email,workflow...
2025-05-20 22:35:30.095 [info] Getting sessions for all scopes...
2025-05-20 22:35:30.095 [info] Got 1 sessions for ...
2025-05-20 22:35:30.100 [info] Getting sessions for all scopes...
2025-05-20 22:35:30.100 [info] Got 1 sessions for ...
2025-05-20 22:35:30.100 [info] Getting sessions for all scopes...
2025-05-20 22:35:30.100 [info] Got 1 sessions for ...
2025-05-20 22:35:30.102 [info] Getting sessions for read:user,repo,user:email,workflow...
2025-05-20 22:35:30.102 [info] Got 0 sessions for read:user,repo,user:email,workflow...
2025-05-20 22:35:30.103 [info] Getting sessions for user:email...
2025-05-20 22:35:30.103 [info] Got 1 sessions for user:email...
2025-05-20 22:35:32.170 [info] Getting sessions for all scopes...
2025-05-20 22:35:32.170 [info] Got 1 sessions for ...
2025-05-20 22:35:32.177 [info] Getting sessions for read:user,repo,user:email,workflow...
2025-05-20 22:35:32.177 [info] Got 0 sessions for read:user,repo,user:email,workflow...
2025-05-20 22:35:32.179 [info] Getting sessions for user:email...
2025-05-20 22:35:32.179 [info] Got 1 sessions for user:email...
2025-05-20 22:44:32.627 [info] Getting sessions for all scopes...
2025-05-20 22:44:32.627 [info] Got 1 sessions for ...
2025-05-20 22:44:32.628 [info] Getting sessions for read:user,repo,user:email,workflow...
2025-05-20 22:44:32.628 [info] Got 0 sessions for read:user,repo,user:email,workflow...
2025-05-20 22:44:32.628 [info] Getting sessions for user:email...
2025-05-20 22:44:32.628 [info] Got 1 sessions for user:email...
2025-05-20 22:44:37.743 [info] Getting sessions for all scopes...
2025-05-20 22:44:37.743 [info] Got 1 sessions for ...
2025-05-20 22:44:37.778 [info] Getting sessions for read:user,repo,user:email,workflow...
2025-05-20 22:44:37.778 [info] Got 0 sessions for read:user,repo,user:email,workflow...
2025-05-20 22:44:37.795 [info] Getting sessions for user:email...
2025-05-20 22:44:37.795 [info] Got 1 sessions for user:email...
2025-05-20 22:44:37.857 [info] Getting sessions for all scopes...
2025-05-20 22:44:37.857 [info] Got 1 sessions for ...
2025-05-20 22:44:37.858 [info] Getting sessions for read:user,repo,user:email,workflow...
2025-05-20 22:44:37.859 [info] Got 0 sessions for read:user,repo,user:email,workflow...
2025-05-20 22:44:37.860 [info] Getting sessions for user:email...
2025-05-20 22:44:37.860 [info] Got 1 sessions for user:email...
2025-05-20 22:44:46.715 [info] Getting sessions for all scopes...
2025-05-20 22:44:46.715 [info] Got 1 sessions for ...
2025-05-20 22:44:46.914 [info] Getting sessions for read:user,repo,user:email,workflow...
2025-05-20 22:44:46.914 [info] Got 0 sessions for read:user,repo,user:email,workflow...
2025-05-20 22:44:47.035 [info] Getting sessions for user:email...
2025-05-20 22:44:47.035 [info] Got 1 sessions for user:email...
2025-05-20 22:47:55.294 [info] Getting sessions for all scopes...
2025-05-20 22:47:55.294 [info] Got 1 sessions for ...
2025-05-20 22:47:55.296 [info] Getting sessions for read:user,repo,user:email,workflow...
2025-05-20 22:47:55.296 [info] Got 0 sessions for read:user,repo,user:email,workflow...
2025-05-20 22:47:55.296 [info] Getting sessions for user:email...
2025-05-20 22:47:55.296 [info] Got 1 sessions for user:email...
2025-05-20 22:47:57.103 [info] Getting sessions for all scopes...
2025-05-20 22:47:57.103 [info] Got 1 sessions for ...
2025-05-20 22:47:57.105 [info] Getting sessions for read:user,repo,user:email,workflow...
2025-05-20 22:47:57.105 [info] Got 0 sessions for read:user,repo,user:email,workflow...
2025-05-20 22:47:57.106 [info] Getting sessions for user:email...
2025-05-20 22:47:57.106 [info] Got 1 sessions for user:email...
2025-05-20 22:48:03.772 [info] Getting sessions for all scopes...
2025-05-20 22:48:03.772 [info] Got 1 sessions for ...
2025-05-20 22:48:03.823 [info] Getting sessions for read:user,repo,user:email,workflow...
2025-05-20 22:48:03.823 [info] Got 0 sessions for read:user,repo,user:email,workflow...
2025-05-20 22:48:03.868 [info] Getting sessions for user:email...
2025-05-20 22:48:03.868 [info] Got 1 sessions for user:email...
2025-05-20 22:48:03.909 [info] Getting sessions for all scopes...
2025-05-20 22:48:03.909 [info] Got 1 sessions for ...
2025-05-20 22:48:03.918 [info] Getting sessions for read:user,repo,user:email,workflow...
2025-05-20 22:48:03.918 [info] Got 0 sessions for read:user,repo,user:email,workflow...
2025-05-20 22:48:03.919 [info] Getting sessions for user:email...
2025-05-20 22:48:03.919 [info] Got 1 sessions for user:email...
2025-05-20 22:48:16.522 [info] Getting sessions for all scopes...
2025-05-20 22:48:16.522 [info] Got 1 sessions for ...
2025-05-20 22:48:16.558 [info] Getting sessions for read:user,repo,user:email,workflow...
2025-05-20 22:48:16.558 [info] Got 0 sessions for read:user,repo,user:email,workflow...
2025-05-20 22:48:16.573 [info] Getting sessions for user:email...
2025-05-20 22:48:16.573 [info] Got 1 sessions for user:email...
2025-05-20 22:49:17.636 [info] Getting sessions for all scopes...
2025-05-20 22:49:17.636 [info] Got 1 sessions for ...
2025-05-20 22:49:17.637 [info] Getting sessions for read:user,repo,user:email,workflow...
2025-05-20 22:49:17.637 [info] Got 0 sessions for read:user,repo,user:email,workflow...
2025-05-20 22:49:17.638 [info] Getting sessions for user:email...
2025-05-20 22:49:17.638 [info] Got 1 sessions for user:email...
2025-05-20 22:49:21.608 [info] Getting sessions for all scopes...
2025-05-20 22:49:21.608 [info] Got 1 sessions for ...
2025-05-20 22:49:21.659 [info] Getting sessions for read:user,repo,user:email,workflow...
2025-05-20 22:49:21.659 [info] Got 0 sessions for read:user,repo,user:email,workflow...
2025-05-20 22:49:21.666 [info] Getting sessions for user:email...
2025-05-20 22:49:21.666 [info] Got 1 sessions for user:email...
2025-05-20 22:49:21.735 [info] Getting sessions for all scopes...
2025-05-20 22:49:21.735 [info] Got 1 sessions for ...
2025-05-20 22:49:21.740 [info] Getting sessions for read:user,repo,user:email,workflow...
2025-05-20 22:49:21.740 [info] Got 0 sessions for read:user,repo,user:email,workflow...
2025-05-20 22:49:21.742 [info] Getting sessions for user:email...
2025-05-20 22:49:21.742 [info] Got 1 sessions for user:email...
2025-05-20 22:49:26.161 [info] Getting sessions for all scopes...
2025-05-20 22:49:26.161 [info] Got 1 sessions for ...
2025-05-20 22:49:26.187 [info] Getting sessions for read:user,repo,user:email,workflow...
2025-05-20 22:49:26.187 [info] Got 0 sessions for read:user,repo,user:email,workflow...
2025-05-20 22:49:26.188 [info] Getting sessions for user:email...
2025-05-20 22:49:26.188 [info] Got 1 sessions for user:email...
2025-05-20 22:50:32.181 [info] Getting sessions for all scopes...
2025-05-20 22:50:32.181 [info] Got 1 sessions for ...
2025-05-20 22:50:32.185 [info] Getting sessions for read:user,repo,user:email,workflow...
2025-05-20 22:50:32.185 [info] Got 0 sessions for read:user,repo,user:email,workflow...
2025-05-20 22:50:32.186 [info] Getting sessions for user:email...
2025-05-20 22:50:32.186 [info] Got 1 sessions for user:email...
2025-05-20 22:53:29.552 [info] Getting sessions for all scopes...
2025-05-20 22:53:29.552 [info] Got 1 sessions for ...
2025-05-20 22:53:29.555 [info] Getting sessions for read:user,repo,user:email,workflow...
2025-05-20 22:53:29.555 [info] Got 0 sessions for read:user,repo,user:email,workflow...
2025-05-20 22:53:29.557 [info] Getting sessions for user:email...
2025-05-20 22:53:29.557 [info] Got 1 sessions for user:email...
2025-05-20 22:53:36.876 [info] Getting sessions for all scopes...
2025-05-20 22:53:36.876 [info] Got 1 sessions for ...
2025-05-20 22:53:36.920 [info] Getting sessions for read:user,repo,user:email,workflow...
2025-05-20 22:53:36.920 [info] Got 0 sessions for read:user,repo,user:email,workflow...
2025-05-20 22:53:36.922 [info] Getting sessions for user:email...
2025-05-20 22:53:36.922 [info] Got 1 sessions for user:email...
2025-05-20 22:53:36.991 [info] Getting sessions for all scopes...
2025-05-20 22:53:36.991 [info] Got 1 sessions for ...
2025-05-20 22:53:36.993 [info] Getting sessions for read:user,repo,user:email,workflow...
2025-05-20 22:53:36.993 [info] Got 0 sessions for read:user,repo,user:email,workflow...
2025-05-20 22:53:36.994 [info] Getting sessions for user:email...
2025-05-20 22:53:36.994 [info] Got 1 sessions for user:email...
2025-05-20 22:53:47.107 [info] Getting sessions for all scopes...
2025-05-20 22:53:47.107 [info] Got 1 sessions for ...
2025-05-20 22:53:47.302 [info] Getting sessions for read:user,repo,user:email,workflow...
2025-05-20 22:53:47.302 [info] Got 0 sessions for read:user,repo,user:email,workflow...
2025-05-20 22:53:47.389 [info] Getting sessions for user:email...
2025-05-20 22:53:47.390 [info] Got 1 sessions for user:email...
2025-05-20 22:56:25.817 [info] Getting sessions for all scopes...
2025-05-20 22:56:25.817 [info] Got 1 sessions for ...
2025-05-20 22:56:25.818 [info] Getting sessions for read:user,repo,user:email,workflow...
2025-05-20 22:56:25.818 [info] Got 0 sessions for read:user,repo,user:email,workflow...
2025-05-20 22:56:25.819 [info] Getting sessions for user:email...
2025-05-20 22:56:25.819 [info] Got 1 sessions for user:email...
2025-05-20 22:56:29.931 [info] Getting sessions for all scopes...
2025-05-20 22:56:29.931 [info] Got 1 sessions for ...
2025-05-20 22:56:29.971 [info] Getting sessions for read:user,repo,user:email,workflow...
2025-05-20 22:56:29.971 [info] Got 0 sessions for read:user,repo,user:email,workflow...
2025-05-20 22:56:30.021 [info] Getting sessions for user:email...
2025-05-20 22:56:30.021 [info] Got 1 sessions for user:email...
2025-05-20 22:56:30.045 [info] Getting sessions for all scopes...
2025-05-20 22:56:30.046 [info] Got 1 sessions for ...
2025-05-20 22:56:30.050 [info] Getting sessions for read:user,repo,user:email,workflow...
2025-05-20 22:56:30.051 [info] Got 0 sessions for read:user,repo,user:email,workflow...
2025-05-20 22:56:30.054 [info] Getting sessions for user:email...
2025-05-20 22:56:30.054 [info] Got 1 sessions for user:email...
2025-05-20 22:56:31.278 [info] Getting sessions for all scopes...
2025-05-20 22:56:31.278 [info] Got 1 sessions for ...
2025-05-20 22:56:31.278 [info] Getting sessions for all scopes...
2025-05-20 22:56:31.278 [info] Got 1 sessions for ...
2025-05-20 22:56:31.283 [info] Getting sessions for read:user,repo,user:email,workflow...
2025-05-20 22:56:31.283 [info] Got 0 sessions for read:user,repo,user:email,workflow...
2025-05-20 22:56:31.286 [info] Getting sessions for user:email...
2025-05-20 22:56:31.286 [info] Got 1 sessions for user:email...
2025-05-20 22:56:31.286 [info] Getting sessions for read:user,repo,user:email,workflow...
2025-05-20 22:56:31.286 [info] Got 0 sessions for read:user,repo,user:email,workflow...
2025-05-20 22:56:31.288 [info] Getting sessions for all scopes...
2025-05-20 22:56:31.288 [info] Got 1 sessions for ...
2025-05-20 22:56:31.289 [info] Getting sessions for read:user,repo,user:email,workflow...
2025-05-20 22:56:31.289 [info] Got 0 sessions for read:user,repo,user:email,workflow...
2025-05-20 22:56:31.299 [info] Getting sessions for user:email...
2025-05-20 22:56:31.299 [info] Got 1 sessions for user:email...
2025-05-20 22:56:31.309 [info] Getting sessions for all scopes...
2025-05-20 22:56:31.309 [info] Got 1 sessions for ...
2025-05-20 22:56:31.309 [info] Getting sessions for all scopes...
2025-05-20 22:56:31.309 [info] Got 1 sessions for ...
2025-05-20 22:56:31.310 [info] Getting sessions for read:user,repo,user:email,workflow...
2025-05-20 22:56:31.310 [info] Got 0 sessions for read:user,repo,user:email,workflow...
2025-05-20 22:56:31.311 [info] Getting sessions for user:email...
2025-05-20 22:56:31.311 [info] Got 1 sessions for user:email...
2025-05-20 22:56:31.311 [info] Getting sessions for read:user,repo,user:email,workflow...
2025-05-20 22:56:31.311 [info] Got 0 sessions for read:user,repo,user:email,workflow...
2025-05-20 22:56:31.323 [info] Getting sessions for all scopes...
2025-05-20 22:56:31.324 [info] Got 1 sessions for ...
2025-05-20 22:56:31.330 [info] Getting sessions for read:user,repo,user:email,workflow...
2025-05-20 22:56:31.330 [info] Got 0 sessions for read:user,repo,user:email,workflow...
2025-05-20 22:56:31.331 [info] Getting sessions for user:email...
2025-05-20 22:56:31.331 [info] Got 1 sessions for user:email...
2025-05-20 22:56:44.206 [info] Getting sessions for all scopes...
2025-05-20 22:56:44.206 [info] Got 1 sessions for ...
2025-05-20 22:56:44.320 [info] Getting sessions for read:user,repo,user:email,workflow...
2025-05-20 22:56:44.320 [info] Got 0 sessions for read:user,repo,user:email,workflow...
2025-05-20 22:56:44.442 [info] Getting sessions for user:email...
2025-05-20 22:56:44.442 [info] Got 1 sessions for user:email...
2025-05-20 23:00:08.129 [info] Getting sessions for all scopes...
2025-05-20 23:00:08.129 [info] Got 1 sessions for ...
2025-05-20 23:00:08.133 [info] Getting sessions for read:user,repo,user:email,workflow...
2025-05-20 23:00:08.133 [info] Got 0 sessions for read:user,repo,user:email,workflow...
2025-05-20 23:00:08.133 [info] Getting sessions for user:email...
2025-05-20 23:00:08.133 [info] Got 1 sessions for user:email...
2025-05-20 23:00:10.368 [info] Getting sessions for all scopes...
2025-05-20 23:00:10.368 [info] Got 1 sessions for ...
2025-05-20 23:00:10.368 [info] Getting sessions for read:user,repo,user:email,workflow...
2025-05-20 23:00:10.368 [info] Got 0 sessions for read:user,repo,user:email,workflow...
2025-05-20 23:00:10.369 [info] Getting sessions for user:email...
2025-05-20 23:00:10.369 [info] Got 1 sessions for user:email...
2025-05-20 23:00:12.690 [info] Getting sessions for all scopes...
2025-05-20 23:00:12.690 [info] Got 1 sessions for ...
2025-05-20 23:00:12.712 [info] Getting sessions for read:user,repo,user:email,workflow...
2025-05-20 23:00:12.712 [info] Got 0 sessions for read:user,repo,user:email,workflow...
2025-05-20 23:00:12.713 [info] Getting sessions for user:email...
2025-05-20 23:00:12.713 [info] Got 1 sessions for user:email...
2025-05-20 23:00:12.828 [info] Getting sessions for all scopes...
2025-05-20 23:00:12.829 [info] Got 1 sessions for ...
2025-05-20 23:00:12.839 [info] Getting sessions for read:user,repo,user:email,workflow...
2025-05-20 23:00:12.839 [info] Got 0 sessions for read:user,repo,user:email,workflow...
2025-05-20 23:00:12.842 [info] Getting sessions for user:email...
2025-05-20 23:00:12.842 [info] Got 1 sessions for user:email...
2025-05-20 23:00:21.483 [info] Getting sessions for all scopes...
2025-05-20 23:00:21.484 [info] Got 1 sessions for ...
2025-05-20 23:00:21.529 [info] Getting sessions for read:user,repo,user:email,workflow...
2025-05-20 23:00:21.529 [info] Got 0 sessions for read:user,repo,user:email,workflow...
2025-05-20 23:00:21.541 [info] Getting sessions for user:email...
2025-05-20 23:00:21.541 [info] Got 1 sessions for user:email...
2025-05-20 23:03:45.032 [info] Getting sessions for read:user,repo,user:email,workflow...
2025-05-20 23:03:45.033 [info] Got 0 sessions for read:user,repo,user:email,workflow...
2025-05-20 23:03:45.034 [info] Getting sessions for read:user...
2025-05-20 23:03:45.034 [info] Got 0 sessions for read:user...
2025-05-20 23:03:45.035 [info] Getting sessions for user:email...
2025-05-20 23:03:45.035 [info] Got 1 sessions for user:email...
2025-05-20 23:07:15.263 [info] Getting sessions for all scopes...
2025-05-20 23:07:15.263 [info] Got 1 sessions for ...
2025-05-20 23:07:15.264 [info] Getting sessions for read:user,repo,user:email,workflow...
2025-05-20 23:07:15.264 [info] Got 0 sessions for read:user,repo,user:email,workflow...
2025-05-20 23:07:15.264 [info] Getting sessions for user:email...
2025-05-20 23:07:15.264 [info] Got 1 sessions for user:email...
2025-05-20 23:07:17.820 [info] Getting sessions for all scopes...
2025-05-20 23:07:17.820 [info] Got 1 sessions for ...
2025-05-20 23:07:17.820 [info] Getting sessions for read:user,repo,user:email,workflow...
2025-05-20 23:07:17.820 [info] Got 0 sessions for read:user,repo,user:email,workflow...
2025-05-20 23:07:17.821 [info] Getting sessions for user:email...
2025-05-20 23:07:17.821 [info] Got 1 sessions for user:email...
