2025-05-17 00:31:21.010 [info] [main] Log level: Info
2025-05-17 00:31:21.010 [info] [main] Validating found git in: "git"
2025-05-17 00:31:21.010 [info] [main] Using git "2.49.0" from "git"
2025-05-17 00:31:21.010 [info] [Model][doInitialScan] Initial repository scan started
2025-05-17 00:31:21.010 [info] > git rev-parse --show-toplevel [264ms]
2025-05-17 00:31:21.010 [info] fatal: not a git repository (or any of the parent directories): .git
2025-05-17 00:31:21.010 [info] > git rev-parse --show-toplevel [33ms]
2025-05-17 00:31:21.010 [info] fatal: not a git repository (or any of the parent directories): .git
2025-05-17 00:31:21.010 [info] > git rev-parse --show-toplevel [98ms]
2025-05-17 00:31:21.010 [info] fatal: not a git repository (or any of the parent directories): .git
2025-05-17 00:31:21.155 [info] > git rev-parse --show-toplevel [11ms]
2025-05-17 00:31:21.156 [info] fatal: not a git repository (or any of the parent directories): .git
2025-05-17 00:31:21.167 [info] > git rev-parse --show-toplevel [3ms]
2025-05-17 00:31:21.167 [info] fatal: not a git repository (or any of the parent directories): .git
2025-05-17 00:31:21.198 [info] > git rev-parse --show-toplevel [14ms]
2025-05-17 00:31:21.198 [info] fatal: not a git repository (or any of the parent directories): .git
2025-05-17 00:31:21.248 [info] > git rev-parse --show-toplevel [39ms]
2025-05-17 00:31:21.248 [info] fatal: not a git repository (or any of the parent directories): .git
2025-05-17 00:31:21.276 [info] > git rev-parse --show-toplevel [4ms]
2025-05-17 00:31:21.276 [info] fatal: not a git repository (or any of the parent directories): .git
2025-05-17 00:31:21.308 [info] > git rev-parse --show-toplevel [3ms]
2025-05-17 00:31:21.308 [info] fatal: not a git repository (or any of the parent directories): .git
2025-05-17 00:31:21.363 [info] > git rev-parse --show-toplevel [10ms]
2025-05-17 00:31:21.364 [info] fatal: not a git repository (or any of the parent directories): .git
2025-05-17 00:31:21.442 [info] > git rev-parse --show-toplevel [48ms]
2025-05-17 00:31:21.443 [info] fatal: not a git repository (or any of the parent directories): .git
2025-05-17 00:31:21.491 [info] > git rev-parse --show-toplevel [21ms]
2025-05-17 00:31:21.491 [info] fatal: not a git repository (or any of the parent directories): .git
2025-05-17 00:31:21.539 [info] > git rev-parse --show-toplevel [23ms]
2025-05-17 00:31:21.539 [info] fatal: not a git repository (or any of the parent directories): .git
2025-05-17 00:31:21.555 [info] > git rev-parse --show-toplevel [2ms]
2025-05-17 00:31:21.556 [info] fatal: not a git repository (or any of the parent directories): .git
2025-05-17 00:31:21.576 [info] > git rev-parse --show-toplevel [3ms]
2025-05-17 00:31:21.576 [info] fatal: not a git repository (or any of the parent directories): .git
2025-05-17 00:31:21.581 [info] [Model][doInitialScan] Initial repository scan completed - repositories (0), closed repositories (0), parent repositories (0), unsafe repositories (0)
2025-05-17 00:31:21.599 [info] > git rev-parse --show-toplevel [4ms]
2025-05-17 00:31:21.599 [info] fatal: not a git repository (or any of the parent directories): .git
2025-05-17 00:48:42.142 [info] > git rev-parse --show-toplevel [5ms]
2025-05-17 00:48:42.142 [info] fatal: not a git repository (or any of the parent directories): .git
2025-05-17 00:48:42.385 [info] > git rev-parse --show-toplevel [2ms]
2025-05-17 00:48:42.385 [info] fatal: not a git repository (or any of the parent directories): .git
2025-05-17 00:48:56.032 [info] > git rev-parse --show-toplevel [3ms]
2025-05-17 00:48:56.032 [info] fatal: not a git repository (or any of the parent directories): .git
2025-05-17 00:52:01.111 [info] > git rev-parse --show-toplevel [1ms]
2025-05-17 00:52:01.111 [info] fatal: not a git repository (or any of the parent directories): .git
