2025-05-20 23:09:28.086 [info] Reading sessions from keychain...
2025-05-20 23:09:28.086 [info] Getting sessions for all scopes...
2025-05-20 23:09:28.086 [info] Getting sessions for all scopes...
2025-05-20 23:09:28.087 [info] Getting sessions for all scopes...
2025-05-20 23:09:28.087 [info] Getting sessions for all scopes...
2025-05-20 23:09:28.087 [info] Getting sessions for all scopes...
2025-05-20 23:09:28.087 [info] Getting sessions for all scopes...
2025-05-20 23:09:28.087 [info] Getting sessions for all scopes...
2025-05-20 23:09:28.087 [info] Getting sessions for all scopes...
2025-05-20 23:09:28.087 [info] Got stored sessions!
2025-05-20 23:09:28.087 [info] Got 1 verified sessions.
2025-05-20 23:09:28.087 [info] Got 1 sessions for ...
2025-05-20 23:09:28.087 [info] Got 1 sessions for ...
2025-05-20 23:09:28.087 [info] Got 1 sessions for ...
2025-05-20 23:09:28.087 [info] Got 1 sessions for ...
2025-05-20 23:09:28.087 [info] Got 1 sessions for ...
2025-05-20 23:09:28.087 [info] Got 1 sessions for ...
2025-05-20 23:09:28.087 [info] Got 1 sessions for ...
2025-05-20 23:09:28.087 [info] Got 1 sessions for ...
2025-05-20 23:09:28.087 [info] Getting sessions for all scopes...
2025-05-20 23:09:28.087 [info] Got 1 sessions for ...
2025-05-20 23:09:28.087 [info] Getting sessions for all scopes...
2025-05-20 23:09:28.087 [info] Got 1 sessions for ...
2025-05-20 23:09:28.087 [info] Getting sessions for all scopes...
2025-05-20 23:09:28.087 [info] Got 1 sessions for ...
2025-05-20 23:09:28.087 [info] Getting sessions for all scopes...
2025-05-20 23:09:28.087 [info] Got 1 sessions for ...
2025-05-20 23:09:28.087 [info] Getting sessions for all scopes...
2025-05-20 23:09:28.087 [info] Got 1 sessions for ...
2025-05-20 23:09:28.087 [info] Getting sessions for all scopes...
2025-05-20 23:09:28.087 [info] Got 1 sessions for ...
2025-05-20 23:09:29.171 [info] Getting sessions for all scopes...
2025-05-20 23:09:29.171 [info] Got 1 sessions for ...
2025-05-20 23:09:29.374 [info] Getting sessions for all scopes...
2025-05-20 23:09:29.374 [info] Got 1 sessions for ...
2025-05-20 23:09:29.374 [info] Getting sessions for all scopes...
2025-05-20 23:09:29.374 [info] Got 1 sessions for ...
2025-05-20 23:09:29.377 [info] Getting sessions for all scopes...
2025-05-20 23:09:29.377 [info] Got 1 sessions for ...
2025-05-20 23:09:29.563 [info] Getting sessions for all scopes...
2025-05-20 23:09:29.563 [info] Got 1 sessions for ...
2025-05-20 23:09:29.567 [info] Getting sessions for all scopes...
2025-05-20 23:09:29.567 [info] Got 1 sessions for ...
2025-05-20 23:09:29.570 [info] Getting sessions for read:user,repo,user:email,workflow...
2025-05-20 23:09:29.570 [info] Got 0 sessions for read:user,repo,user:email,workflow...
2025-05-20 23:09:29.575 [info] Getting sessions for read:user,repo,user:email,workflow...
2025-05-20 23:09:29.575 [info] Got 0 sessions for read:user,repo,user:email,workflow...
2025-05-20 23:09:30.054 [info] Getting sessions for read:user...
2025-05-20 23:09:30.054 [info] Got 0 sessions for read:user...
2025-05-20 23:09:30.055 [info] Getting sessions for user:email...
2025-05-20 23:09:30.055 [info] Got 1 sessions for user:email...
2025-05-20 23:09:30.056 [info] Getting sessions for read:user,repo,user:email,workflow...
2025-05-20 23:09:30.056 [info] Got 0 sessions for read:user,repo,user:email,workflow...
2025-05-20 23:09:30.059 [info] Getting sessions for user:email...
2025-05-20 23:09:30.059 [info] Got 1 sessions for user:email...
2025-05-20 23:09:30.062 [info] Getting sessions for all scopes...
2025-05-20 23:09:30.062 [info] Got 1 sessions for ...
2025-05-20 23:09:30.166 [info] Getting sessions for read:user,repo,user:email,workflow...
2025-05-20 23:09:30.167 [info] Got 0 sessions for read:user,repo,user:email,workflow...
2025-05-20 23:09:30.170 [info] Getting sessions for user:email...
2025-05-20 23:09:30.170 [info] Got 1 sessions for user:email...
2025-05-20 23:09:30.172 [info] Getting sessions for all scopes...
2025-05-20 23:09:30.173 [info] Got 1 sessions for ...
2025-05-20 23:09:30.174 [info] Getting sessions for read:user,repo,user:email,workflow...
2025-05-20 23:09:30.174 [info] Got 0 sessions for read:user,repo,user:email,workflow...
2025-05-20 23:09:30.175 [info] Getting sessions for user:email...
2025-05-20 23:09:30.175 [info] Got 1 sessions for user:email...
2025-05-20 23:09:30.388 [info] Getting sessions for all scopes...
2025-05-20 23:09:30.388 [info] Got 1 sessions for ...
2025-05-20 23:09:30.400 [info] Getting sessions for read:user,repo,user:email,workflow...
2025-05-20 23:09:30.400 [info] Got 0 sessions for read:user,repo,user:email,workflow...
2025-05-20 23:09:30.401 [info] Getting sessions for user:email...
2025-05-20 23:09:30.401 [info] Got 1 sessions for user:email...
2025-05-20 23:09:31.455 [info] Getting sessions for all scopes...
2025-05-20 23:09:31.455 [info] Got 1 sessions for ...
2025-05-20 23:09:31.455 [info] Getting sessions for all scopes...
2025-05-20 23:09:31.456 [info] Got 1 sessions for ...
2025-05-20 23:09:31.468 [info] Getting sessions for read:user,repo,user:email,workflow...
2025-05-20 23:09:31.468 [info] Got 0 sessions for read:user,repo,user:email,workflow...
2025-05-20 23:09:31.469 [info] Getting sessions for user:email...
2025-05-20 23:09:31.469 [info] Got 1 sessions for user:email...
2025-05-20 23:09:31.469 [info] Getting sessions for read:user,repo,user:email,workflow...
2025-05-20 23:09:31.469 [info] Got 0 sessions for read:user,repo,user:email,workflow...
2025-05-20 23:09:31.471 [info] Getting sessions for all scopes...
2025-05-20 23:09:31.471 [info] Got 1 sessions for ...
2025-05-20 23:09:31.472 [info] Getting sessions for read:user,repo,user:email,workflow...
2025-05-20 23:09:31.472 [info] Got 0 sessions for read:user,repo,user:email,workflow...
2025-05-20 23:09:31.472 [info] Getting sessions for user:email...
2025-05-20 23:09:31.472 [info] Got 1 sessions for user:email...
2025-05-20 23:09:31.596 [info] Getting sessions for all scopes...
2025-05-20 23:09:31.596 [info] Got 1 sessions for ...
2025-05-20 23:09:31.597 [info] Getting sessions for all scopes...
2025-05-20 23:09:31.597 [info] Got 1 sessions for ...
2025-05-20 23:09:31.598 [info] Getting sessions for read:user,repo,user:email,workflow...
2025-05-20 23:09:31.598 [info] Got 0 sessions for read:user,repo,user:email,workflow...
2025-05-20 23:09:31.599 [info] Getting sessions for user:email...
2025-05-20 23:09:31.599 [info] Got 1 sessions for user:email...
2025-05-20 23:09:31.599 [info] Getting sessions for read:user,repo,user:email,workflow...
2025-05-20 23:09:31.599 [info] Got 0 sessions for read:user,repo,user:email,workflow...
2025-05-20 23:09:31.605 [info] Getting sessions for all scopes...
2025-05-20 23:09:31.605 [info] Got 1 sessions for ...
2025-05-20 23:09:31.606 [info] Getting sessions for all scopes...
2025-05-20 23:09:31.606 [info] Got 1 sessions for ...
2025-05-20 23:09:31.606 [info] Getting sessions for all scopes...
2025-05-20 23:09:31.606 [info] Got 1 sessions for ...
2025-05-20 23:09:31.608 [info] Getting sessions for read:user,repo,user:email,workflow...
2025-05-20 23:09:31.608 [info] Got 0 sessions for read:user,repo,user:email,workflow...
2025-05-20 23:09:31.609 [info] Getting sessions for user:email...
2025-05-20 23:09:31.609 [info] Got 1 sessions for user:email...
2025-05-20 23:09:33.076 [info] Getting sessions for all scopes...
2025-05-20 23:09:33.076 [info] Got 1 sessions for ...
2025-05-20 23:09:33.077 [info] Getting sessions for read:user,repo,user:email,workflow...
2025-05-20 23:09:33.077 [info] Got 0 sessions for read:user,repo,user:email,workflow...
2025-05-20 23:09:33.078 [info] Getting sessions for user:email...
2025-05-20 23:09:33.078 [info] Got 1 sessions for user:email...
2025-05-20 23:09:46.289 [info] Getting sessions for all scopes...
2025-05-20 23:09:46.289 [info] Got 1 sessions for ...
2025-05-20 23:09:46.291 [info] Getting sessions for read:user,repo,user:email,workflow...
2025-05-20 23:09:46.291 [info] Got 0 sessions for read:user,repo,user:email,workflow...
2025-05-20 23:09:46.291 [info] Getting sessions for user:email...
2025-05-20 23:09:46.291 [info] Got 1 sessions for user:email...
2025-05-20 23:09:47.425 [info] Getting sessions for all scopes...
2025-05-20 23:09:47.426 [info] Got 1 sessions for ...
2025-05-20 23:09:47.443 [info] Getting sessions for read:user,repo,user:email,workflow...
2025-05-20 23:09:47.443 [info] Got 0 sessions for read:user,repo,user:email,workflow...
2025-05-20 23:09:47.444 [info] Getting sessions for user:email...
2025-05-20 23:09:47.444 [info] Got 1 sessions for user:email...
2025-05-20 23:10:11.259 [info] Getting sessions for all scopes...
2025-05-20 23:10:11.259 [info] Got 1 sessions for ...
2025-05-20 23:10:11.260 [info] Getting sessions for read:user,repo,user:email,workflow...
2025-05-20 23:10:11.260 [info] Got 0 sessions for read:user,repo,user:email,workflow...
2025-05-20 23:10:11.260 [info] Getting sessions for user:email...
2025-05-20 23:10:11.260 [info] Got 1 sessions for user:email...
2025-05-20 23:10:12.650 [info] Getting sessions for all scopes...
2025-05-20 23:10:12.650 [info] Got 1 sessions for ...
2025-05-20 23:10:12.655 [info] Getting sessions for read:user,repo,user:email,workflow...
2025-05-20 23:10:12.655 [info] Got 0 sessions for read:user,repo,user:email,workflow...
2025-05-20 23:10:12.656 [info] Getting sessions for user:email...
2025-05-20 23:10:12.656 [info] Got 1 sessions for user:email...
2025-05-20 23:10:18.044 [info] Getting sessions for all scopes...
2025-05-20 23:10:18.044 [info] Got 1 sessions for ...
2025-05-20 23:10:18.045 [info] Getting sessions for read:user,repo,user:email,workflow...
2025-05-20 23:10:18.045 [info] Got 0 sessions for read:user,repo,user:email,workflow...
2025-05-20 23:10:18.046 [info] Getting sessions for user:email...
2025-05-20 23:10:18.046 [info] Got 1 sessions for user:email...
2025-05-20 23:10:19.480 [info] Getting sessions for all scopes...
2025-05-20 23:10:19.481 [info] Got 1 sessions for ...
2025-05-20 23:10:19.485 [info] Getting sessions for read:user,repo,user:email,workflow...
2025-05-20 23:10:19.485 [info] Got 0 sessions for read:user,repo,user:email,workflow...
2025-05-20 23:10:19.487 [info] Getting sessions for user:email...
2025-05-20 23:10:19.487 [info] Got 1 sessions for user:email...
2025-05-20 23:10:43.795 [info] Getting sessions for all scopes...
2025-05-20 23:10:43.795 [info] Got 1 sessions for ...
2025-05-20 23:10:43.796 [info] Getting sessions for read:user,repo,user:email,workflow...
2025-05-20 23:10:43.796 [info] Got 0 sessions for read:user,repo,user:email,workflow...
2025-05-20 23:10:43.796 [info] Getting sessions for user:email...
2025-05-20 23:10:43.796 [info] Got 1 sessions for user:email...
2025-05-20 23:10:44.435 [info] Getting sessions for all scopes...
2025-05-20 23:10:44.436 [info] Got 1 sessions for ...
2025-05-20 23:10:44.448 [info] Getting sessions for read:user,repo,user:email,workflow...
2025-05-20 23:10:44.448 [info] Got 0 sessions for read:user,repo,user:email,workflow...
2025-05-20 23:10:44.450 [info] Getting sessions for user:email...
2025-05-20 23:10:44.450 [info] Got 1 sessions for user:email...
2025-05-20 23:11:27.908 [info] Reading sessions from keychain...
2025-05-20 23:11:27.908 [info] Getting sessions for all scopes...
2025-05-20 23:11:27.908 [info] Getting sessions for all scopes...
2025-05-20 23:11:27.908 [info] Getting sessions for all scopes...
2025-05-20 23:11:27.908 [info] Got stored sessions!
2025-05-20 23:11:27.908 [info] Got 1 verified sessions.
2025-05-20 23:11:27.908 [info] Got 1 sessions for ...
2025-05-20 23:11:27.908 [info] Got 1 sessions for ...
2025-05-20 23:11:27.908 [info] Got 1 sessions for ...
2025-05-20 23:11:27.909 [info] Getting sessions for all scopes...
2025-05-20 23:11:27.909 [info] Got 1 sessions for ...
2025-05-20 23:11:27.909 [info] Getting sessions for all scopes...
2025-05-20 23:11:27.909 [info] Got 1 sessions for ...
2025-05-20 23:11:27.909 [info] Getting sessions for all scopes...
2025-05-20 23:11:27.909 [info] Got 1 sessions for ...
2025-05-20 23:11:27.909 [info] Getting sessions for all scopes...
2025-05-20 23:11:27.909 [info] Got 1 sessions for ...
2025-05-20 23:11:27.910 [info] Getting sessions for all scopes...
2025-05-20 23:11:27.910 [info] Got 1 sessions for ...
2025-05-20 23:11:27.914 [info] Getting sessions for all scopes...
2025-05-20 23:11:27.914 [info] Got 1 sessions for ...
2025-05-20 23:11:27.915 [info] Getting sessions for all scopes...
2025-05-20 23:11:27.915 [info] Got 1 sessions for ...
2025-05-20 23:11:27.915 [info] Getting sessions for all scopes...
2025-05-20 23:11:27.916 [info] Got 1 sessions for ...
2025-05-20 23:11:27.916 [info] Getting sessions for all scopes...
2025-05-20 23:11:27.916 [info] Got 1 sessions for ...
2025-05-20 23:11:27.916 [info] Getting sessions for all scopes...
2025-05-20 23:11:27.916 [info] Got 1 sessions for ...
2025-05-20 23:11:27.916 [info] Getting sessions for all scopes...
2025-05-20 23:11:27.916 [info] Got 1 sessions for ...
2025-05-20 23:11:28.300 [info] Getting sessions for all scopes...
2025-05-20 23:11:28.300 [info] Got 1 sessions for ...
2025-05-20 23:11:29.306 [info] Getting sessions for all scopes...
2025-05-20 23:11:29.306 [info] Got 1 sessions for ...
2025-05-20 23:11:29.307 [info] Getting sessions for all scopes...
2025-05-20 23:11:29.307 [info] Got 1 sessions for ...
2025-05-20 23:11:29.323 [info] Getting sessions for all scopes...
2025-05-20 23:11:29.323 [info] Got 1 sessions for ...
2025-05-20 23:11:29.467 [info] Getting sessions for all scopes...
2025-05-20 23:11:29.467 [info] Got 1 sessions for ...
2025-05-20 23:11:29.467 [info] Getting sessions for read:user,repo,user:email,workflow...
2025-05-20 23:11:29.468 [info] Got 0 sessions for read:user,repo,user:email,workflow...
2025-05-20 23:11:29.470 [info] Getting sessions for read:user,repo,user:email,workflow...
2025-05-20 23:11:29.470 [info] Got 0 sessions for read:user,repo,user:email,workflow...
2025-05-20 23:11:29.471 [info] Getting sessions for read:user...
2025-05-20 23:11:29.471 [info] Got 0 sessions for read:user...
2025-05-20 23:11:29.471 [info] Getting sessions for user:email...
2025-05-20 23:11:29.471 [info] Got 1 sessions for user:email...
2025-05-20 23:11:29.819 [info] Getting sessions for read:user,repo,user:email,workflow...
2025-05-20 23:11:29.819 [info] Got 0 sessions for read:user,repo,user:email,workflow...
2025-05-20 23:11:29.865 [info] Getting sessions for all scopes...
2025-05-20 23:11:29.865 [info] Got 1 sessions for ...
2025-05-20 23:11:29.885 [info] Getting sessions for user:email...
2025-05-20 23:11:29.885 [info] Got 1 sessions for user:email...
2025-05-20 23:11:29.889 [info] Getting sessions for all scopes...
2025-05-20 23:11:29.889 [info] Got 1 sessions for ...
2025-05-20 23:11:29.975 [info] Getting sessions for read:user,repo,user:email,workflow...
2025-05-20 23:11:29.975 [info] Got 0 sessions for read:user,repo,user:email,workflow...
2025-05-20 23:11:29.977 [info] Getting sessions for user:email...
2025-05-20 23:11:29.977 [info] Got 1 sessions for user:email...
2025-05-20 23:11:29.978 [info] Getting sessions for all scopes...
2025-05-20 23:11:29.978 [info] Got 1 sessions for ...
2025-05-20 23:11:29.979 [info] Getting sessions for read:user,repo,user:email,workflow...
2025-05-20 23:11:29.979 [info] Got 0 sessions for read:user,repo,user:email,workflow...
2025-05-20 23:11:29.979 [info] Getting sessions for user:email...
2025-05-20 23:11:29.979 [info] Got 1 sessions for user:email...
2025-05-20 23:11:30.063 [info] Getting sessions for all scopes...
2025-05-20 23:11:30.063 [info] Got 1 sessions for ...
2025-05-20 23:11:30.064 [info] Getting sessions for read:user,repo,user:email,workflow...
2025-05-20 23:11:30.064 [info] Got 0 sessions for read:user,repo,user:email,workflow...
2025-05-20 23:11:30.065 [info] Getting sessions for user:email...
2025-05-20 23:11:30.065 [info] Got 1 sessions for user:email...
2025-05-20 23:11:31.419 [info] Getting sessions for all scopes...
2025-05-20 23:11:31.419 [info] Got 1 sessions for ...
2025-05-20 23:11:31.419 [info] Getting sessions for all scopes...
2025-05-20 23:11:31.419 [info] Got 1 sessions for ...
2025-05-20 23:11:31.444 [info] Getting sessions for read:user,repo,user:email,workflow...
2025-05-20 23:11:31.444 [info] Got 0 sessions for read:user,repo,user:email,workflow...
2025-05-20 23:11:31.445 [info] Getting sessions for user:email...
2025-05-20 23:11:31.445 [info] Got 1 sessions for user:email...
2025-05-20 23:11:31.445 [info] Getting sessions for read:user,repo,user:email,workflow...
2025-05-20 23:11:31.446 [info] Got 0 sessions for read:user,repo,user:email,workflow...
2025-05-20 23:11:31.450 [info] Getting sessions for all scopes...
2025-05-20 23:11:31.450 [info] Got 1 sessions for ...
2025-05-20 23:11:31.452 [info] Getting sessions for read:user,repo,user:email,workflow...
2025-05-20 23:11:31.452 [info] Got 0 sessions for read:user,repo,user:email,workflow...
2025-05-20 23:11:31.454 [info] Getting sessions for user:email...
2025-05-20 23:11:31.454 [info] Got 1 sessions for user:email...
2025-05-20 23:11:31.589 [info] Getting sessions for all scopes...
2025-05-20 23:11:31.589 [info] Got 1 sessions for ...
2025-05-20 23:11:31.589 [info] Getting sessions for all scopes...
2025-05-20 23:11:31.589 [info] Got 1 sessions for ...
2025-05-20 23:11:31.591 [info] Getting sessions for read:user,repo,user:email,workflow...
2025-05-20 23:11:31.591 [info] Got 0 sessions for read:user,repo,user:email,workflow...
2025-05-20 23:11:31.592 [info] Getting sessions for user:email...
2025-05-20 23:11:31.592 [info] Got 1 sessions for user:email...
2025-05-20 23:11:31.592 [info] Getting sessions for read:user,repo,user:email,workflow...
2025-05-20 23:11:31.592 [info] Got 0 sessions for read:user,repo,user:email,workflow...
2025-05-20 23:11:31.597 [info] Getting sessions for all scopes...
2025-05-20 23:11:31.597 [info] Got 1 sessions for ...
2025-05-20 23:11:31.597 [info] Getting sessions for all scopes...
2025-05-20 23:11:31.597 [info] Got 1 sessions for ...
2025-05-20 23:11:31.597 [info] Getting sessions for all scopes...
2025-05-20 23:11:31.597 [info] Got 1 sessions for ...
2025-05-20 23:11:31.599 [info] Getting sessions for read:user,repo,user:email,workflow...
2025-05-20 23:11:31.599 [info] Got 0 sessions for read:user,repo,user:email,workflow...
2025-05-20 23:11:31.599 [info] Getting sessions for user:email...
2025-05-20 23:11:31.599 [info] Got 1 sessions for user:email...
2025-05-20 23:11:32.301 [info] Getting sessions for all scopes...
2025-05-20 23:11:32.301 [info] Got 1 sessions for ...
2025-05-20 23:11:32.301 [info] Getting sessions for read:user,repo,user:email,workflow...
2025-05-20 23:11:32.301 [info] Got 0 sessions for read:user,repo,user:email,workflow...
2025-05-20 23:11:32.302 [info] Getting sessions for user:email...
2025-05-20 23:11:32.302 [info] Got 1 sessions for user:email...
2025-05-20 23:11:34.098 [info] Getting sessions for all scopes...
2025-05-20 23:11:34.098 [info] Got 1 sessions for ...
2025-05-20 23:11:34.104 [info] Getting sessions for read:user,repo,user:email,workflow...
2025-05-20 23:11:34.104 [info] Got 0 sessions for read:user,repo,user:email,workflow...
2025-05-20 23:11:34.105 [info] Getting sessions for user:email...
2025-05-20 23:11:34.105 [info] Got 1 sessions for user:email...
2025-05-20 23:11:38.649 [info] Getting sessions for all scopes...
2025-05-20 23:11:38.649 [info] Got 1 sessions for ...
2025-05-20 23:11:38.658 [info] Getting sessions for read:user,repo,user:email,workflow...
2025-05-20 23:11:38.658 [info] Got 0 sessions for read:user,repo,user:email,workflow...
2025-05-20 23:11:38.659 [info] Getting sessions for user:email...
2025-05-20 23:11:38.659 [info] Got 1 sessions for user:email...
2025-05-20 23:11:50.489 [info] Getting sessions for all scopes...
2025-05-20 23:11:50.489 [info] Got 1 sessions for ...
2025-05-20 23:11:50.492 [info] Getting sessions for read:user,repo,user:email,workflow...
2025-05-20 23:11:50.492 [info] Got 0 sessions for read:user,repo,user:email,workflow...
2025-05-20 23:11:50.496 [info] Getting sessions for user:email...
2025-05-20 23:11:50.496 [info] Got 1 sessions for user:email...
2025-05-20 23:11:52.520 [info] Getting sessions for all scopes...
2025-05-20 23:11:52.520 [info] Got 1 sessions for ...
2025-05-20 23:11:52.557 [info] Getting sessions for read:user,repo,user:email,workflow...
2025-05-20 23:11:52.557 [info] Got 0 sessions for read:user,repo,user:email,workflow...
2025-05-20 23:11:52.577 [info] Getting sessions for user:email...
2025-05-20 23:11:52.577 [info] Got 1 sessions for user:email...
2025-05-20 23:12:03.800 [info] Getting sessions for all scopes...
2025-05-20 23:12:03.800 [info] Got 1 sessions for ...
2025-05-20 23:12:03.824 [info] Getting sessions for read:user,repo,user:email,workflow...
2025-05-20 23:12:03.824 [info] Got 0 sessions for read:user,repo,user:email,workflow...
2025-05-20 23:12:03.828 [info] Getting sessions for user:email...
2025-05-20 23:12:03.828 [info] Got 1 sessions for user:email...
2025-05-20 23:12:05.790 [info] Getting sessions for all scopes...
2025-05-20 23:12:05.790 [info] Got 1 sessions for ...
2025-05-20 23:12:05.811 [info] Getting sessions for read:user,repo,user:email,workflow...
2025-05-20 23:12:05.811 [info] Got 0 sessions for read:user,repo,user:email,workflow...
2025-05-20 23:12:05.813 [info] Getting sessions for user:email...
2025-05-20 23:12:05.813 [info] Got 1 sessions for user:email...
2025-05-20 23:12:30.059 [info] Getting sessions for all scopes...
2025-05-20 23:12:30.059 [info] Got 1 sessions for ...
2025-05-20 23:12:30.060 [info] Getting sessions for read:user,repo,user:email,workflow...
2025-05-20 23:12:30.060 [info] Got 0 sessions for read:user,repo,user:email,workflow...
2025-05-20 23:12:30.061 [info] Getting sessions for user:email...
2025-05-20 23:12:30.061 [info] Got 1 sessions for user:email...
2025-05-20 23:12:32.217 [info] Getting sessions for all scopes...
2025-05-20 23:12:32.217 [info] Got 1 sessions for ...
2025-05-20 23:12:32.252 [info] Getting sessions for read:user,repo,user:email,workflow...
2025-05-20 23:12:32.252 [info] Got 0 sessions for read:user,repo,user:email,workflow...
2025-05-20 23:12:32.279 [info] Getting sessions for user:email...
2025-05-20 23:12:32.279 [info] Got 1 sessions for user:email...
2025-05-20 23:12:35.428 [info] Getting sessions for all scopes...
2025-05-20 23:12:35.428 [info] Got 1 sessions for ...
2025-05-20 23:12:35.430 [info] Getting sessions for read:user,repo,user:email,workflow...
2025-05-20 23:12:35.430 [info] Got 0 sessions for read:user,repo,user:email,workflow...
2025-05-20 23:12:35.434 [info] Getting sessions for user:email...
2025-05-20 23:12:35.434 [info] Got 1 sessions for user:email...
2025-05-20 23:12:37.281 [info] Getting sessions for all scopes...
2025-05-20 23:12:37.281 [info] Got 1 sessions for ...
2025-05-20 23:12:37.304 [info] Getting sessions for read:user,repo,user:email,workflow...
2025-05-20 23:12:37.304 [info] Got 0 sessions for read:user,repo,user:email,workflow...
2025-05-20 23:12:37.305 [info] Getting sessions for user:email...
2025-05-20 23:12:37.305 [info] Got 1 sessions for user:email...
2025-05-20 23:15:28.523 [info] Getting sessions for all scopes...
2025-05-20 23:15:28.523 [info] Got 1 sessions for ...
2025-05-20 23:15:28.524 [info] Getting sessions for read:user,repo,user:email,workflow...
2025-05-20 23:15:28.524 [info] Got 0 sessions for read:user,repo,user:email,workflow...
2025-05-20 23:15:28.525 [info] Getting sessions for user:email...
2025-05-20 23:15:28.525 [info] Got 1 sessions for user:email...
2025-05-20 23:15:33.892 [info] Getting sessions for all scopes...
2025-05-20 23:15:33.892 [info] Got 1 sessions for ...
2025-05-20 23:15:33.939 [info] Getting sessions for read:user,repo,user:email,workflow...
2025-05-20 23:15:33.939 [info] Got 0 sessions for read:user,repo,user:email,workflow...
2025-05-20 23:15:33.947 [info] Getting sessions for user:email...
2025-05-20 23:15:33.947 [info] Got 1 sessions for user:email...
2025-05-20 23:15:34.235 [info] Getting sessions for all scopes...
2025-05-20 23:15:34.235 [info] Got 1 sessions for ...
2025-05-20 23:15:34.391 [info] Getting sessions for read:user,repo,user:email,workflow...
2025-05-20 23:15:34.391 [info] Got 0 sessions for read:user,repo,user:email,workflow...
2025-05-20 23:15:34.395 [info] Getting sessions for user:email...
2025-05-20 23:15:34.395 [info] Got 1 sessions for user:email...
2025-05-20 23:15:37.689 [info] Getting sessions for all scopes...
2025-05-20 23:15:37.689 [info] Got 1 sessions for ...
2025-05-20 23:15:37.739 [info] Getting sessions for read:user,repo,user:email,workflow...
2025-05-20 23:15:37.739 [info] Got 0 sessions for read:user,repo,user:email,workflow...
2025-05-20 23:15:37.740 [info] Getting sessions for user:email...
2025-05-20 23:15:37.740 [info] Got 1 sessions for user:email...
2025-05-20 23:15:38.939 [info] Getting sessions for all scopes...
2025-05-20 23:15:38.939 [info] Got 1 sessions for ...
2025-05-20 23:15:38.940 [info] Getting sessions for read:user,repo,user:email,workflow...
2025-05-20 23:15:38.941 [info] Got 0 sessions for read:user,repo,user:email,workflow...
2025-05-20 23:15:38.946 [info] Getting sessions for user:email...
2025-05-20 23:15:38.947 [info] Got 1 sessions for user:email...
2025-05-20 23:15:40.222 [info] Getting sessions for all scopes...
2025-05-20 23:15:40.222 [info] Got 1 sessions for ...
2025-05-20 23:15:40.271 [info] Getting sessions for read:user,repo,user:email,workflow...
2025-05-20 23:15:40.271 [info] Got 0 sessions for read:user,repo,user:email,workflow...
2025-05-20 23:15:40.335 [info] Getting sessions for user:email...
2025-05-20 23:15:40.335 [info] Got 1 sessions for user:email...
2025-05-20 23:15:56.256 [info] Getting sessions for all scopes...
2025-05-20 23:15:56.256 [info] Got 1 sessions for ...
2025-05-20 23:15:56.258 [info] Getting sessions for read:user,repo,user:email,workflow...
2025-05-20 23:15:56.258 [info] Got 0 sessions for read:user,repo,user:email,workflow...
2025-05-20 23:15:56.263 [info] Getting sessions for user:email...
2025-05-20 23:15:56.263 [info] Got 1 sessions for user:email...
2025-05-20 23:15:57.921 [info] Getting sessions for all scopes...
2025-05-20 23:15:57.921 [info] Got 1 sessions for ...
2025-05-20 23:15:57.972 [info] Getting sessions for read:user,repo,user:email,workflow...
2025-05-20 23:15:57.972 [info] Got 0 sessions for read:user,repo,user:email,workflow...
2025-05-20 23:15:57.989 [info] Getting sessions for user:email...
2025-05-20 23:15:57.989 [info] Got 1 sessions for user:email...
2025-05-20 23:15:58.856 [info] Getting sessions for all scopes...
2025-05-20 23:15:58.856 [info] Got 1 sessions for ...
2025-05-20 23:15:58.901 [info] Getting sessions for read:user,repo,user:email,workflow...
2025-05-20 23:15:58.901 [info] Got 0 sessions for read:user,repo,user:email,workflow...
2025-05-20 23:15:58.922 [info] Getting sessions for user:email...
2025-05-20 23:15:58.922 [info] Got 1 sessions for user:email...
2025-05-20 23:16:00.146 [info] Getting sessions for all scopes...
2025-05-20 23:16:00.146 [info] Got 1 sessions for ...
2025-05-20 23:16:00.216 [info] Getting sessions for read:user,repo,user:email,workflow...
2025-05-20 23:16:00.216 [info] Got 0 sessions for read:user,repo,user:email,workflow...
2025-05-20 23:16:00.253 [info] Getting sessions for user:email...
2025-05-20 23:16:00.253 [info] Got 1 sessions for user:email...
2025-05-20 23:16:23.738 [info] Getting sessions for all scopes...
2025-05-20 23:16:23.739 [info] Got 1 sessions for ...
2025-05-20 23:16:23.865 [info] Getting sessions for read:user,repo,user:email,workflow...
2025-05-20 23:16:23.865 [info] Got 0 sessions for read:user,repo,user:email,workflow...
2025-05-20 23:16:23.867 [info] Getting sessions for user:email...
2025-05-20 23:16:23.867 [info] Got 1 sessions for user:email...
2025-05-20 23:16:24.523 [info] Getting sessions for all scopes...
2025-05-20 23:16:24.523 [info] Got 1 sessions for ...
2025-05-20 23:16:24.531 [info] Getting sessions for read:user,repo,user:email,workflow...
2025-05-20 23:16:24.531 [info] Got 0 sessions for read:user,repo,user:email,workflow...
2025-05-20 23:16:24.532 [info] Getting sessions for user:email...
2025-05-20 23:16:24.532 [info] Got 1 sessions for user:email...
2025-05-20 23:17:02.820 [info] Getting sessions for all scopes...
2025-05-20 23:17:02.820 [info] Got 1 sessions for ...
2025-05-20 23:17:02.914 [info] Getting sessions for read:user,repo,user:email,workflow...
2025-05-20 23:17:02.915 [info] Got 0 sessions for read:user,repo,user:email,workflow...
2025-05-20 23:17:02.933 [info] Getting sessions for user:email...
2025-05-20 23:17:02.933 [info] Got 1 sessions for user:email...
2025-05-20 23:17:04.477 [info] Getting sessions for all scopes...
2025-05-20 23:17:04.477 [info] Got 1 sessions for ...
2025-05-20 23:17:04.478 [info] Getting sessions for read:user,repo,user:email,workflow...
2025-05-20 23:17:04.478 [info] Got 0 sessions for read:user,repo,user:email,workflow...
2025-05-20 23:17:04.480 [info] Getting sessions for user:email...
2025-05-20 23:17:04.480 [info] Got 1 sessions for user:email...
2025-05-20 23:17:07.200 [info] Getting sessions for all scopes...
2025-05-20 23:17:07.200 [info] Got 1 sessions for ...
2025-05-20 23:17:07.212 [info] Getting sessions for read:user,repo,user:email,workflow...
2025-05-20 23:17:07.213 [info] Got 0 sessions for read:user,repo,user:email,workflow...
2025-05-20 23:17:07.217 [info] Getting sessions for user:email...
2025-05-20 23:17:07.217 [info] Got 1 sessions for user:email...
2025-05-20 23:23:58.909 [info] Getting sessions for all scopes...
2025-05-20 23:23:58.910 [info] Got 1 sessions for ...
2025-05-20 23:23:58.955 [info] Getting sessions for read:user,repo,user:email,workflow...
2025-05-20 23:23:58.955 [info] Got 0 sessions for read:user,repo,user:email,workflow...
2025-05-20 23:23:58.964 [info] Getting sessions for user:email...
2025-05-20 23:23:58.965 [info] Got 1 sessions for user:email...
2025-05-20 23:24:03.631 [info] Getting sessions for all scopes...
2025-05-20 23:24:03.631 [info] Got 1 sessions for ...
2025-05-20 23:24:03.664 [info] Getting sessions for read:user,repo,user:email,workflow...
2025-05-20 23:24:03.664 [info] Got 0 sessions for read:user,repo,user:email,workflow...
2025-05-20 23:24:03.695 [info] Getting sessions for user:email...
2025-05-20 23:24:03.695 [info] Got 1 sessions for user:email...
2025-05-20 23:24:07.834 [info] Getting sessions for all scopes...
2025-05-20 23:24:07.835 [info] Got 1 sessions for ...
2025-05-20 23:24:07.896 [info] Getting sessions for read:user,repo,user:email,workflow...
2025-05-20 23:24:07.896 [info] Got 0 sessions for read:user,repo,user:email,workflow...
2025-05-20 23:24:07.925 [info] Getting sessions for user:email...
2025-05-20 23:24:07.925 [info] Got 1 sessions for user:email...
2025-05-20 23:24:08.015 [info] Getting sessions for all scopes...
2025-05-20 23:24:08.015 [info] Got 1 sessions for ...
2025-05-20 23:24:08.020 [info] Getting sessions for read:user,repo,user:email,workflow...
2025-05-20 23:24:08.020 [info] Got 0 sessions for read:user,repo,user:email,workflow...
2025-05-20 23:24:08.030 [info] Getting sessions for user:email...
2025-05-20 23:24:08.030 [info] Got 1 sessions for user:email...
2025-05-20 23:24:13.340 [info] Getting sessions for all scopes...
2025-05-20 23:24:13.340 [info] Got 1 sessions for ...
2025-05-20 23:24:13.417 [info] Getting sessions for read:user,repo,user:email,workflow...
2025-05-20 23:24:13.417 [info] Got 0 sessions for read:user,repo,user:email,workflow...
2025-05-20 23:24:13.419 [info] Getting sessions for user:email...
2025-05-20 23:24:13.419 [info] Got 1 sessions for user:email...
2025-05-20 23:24:15.773 [info] Getting sessions for all scopes...
2025-05-20 23:24:15.773 [info] Got 1 sessions for ...
2025-05-20 23:24:15.774 [info] Getting sessions for read:user,repo,user:email,workflow...
2025-05-20 23:24:15.774 [info] Got 0 sessions for read:user,repo,user:email,workflow...
2025-05-20 23:24:15.776 [info] Getting sessions for user:email...
2025-05-20 23:24:15.776 [info] Got 1 sessions for user:email...
2025-05-20 23:24:18.867 [info] Getting sessions for all scopes...
2025-05-20 23:24:18.868 [info] Got 1 sessions for ...
2025-05-20 23:24:18.906 [info] Getting sessions for read:user,repo,user:email,workflow...
2025-05-20 23:24:18.906 [info] Got 0 sessions for read:user,repo,user:email,workflow...
2025-05-20 23:24:18.907 [info] Getting sessions for user:email...
2025-05-20 23:24:18.907 [info] Got 1 sessions for user:email...
2025-05-20 23:26:32.307 [info] Getting sessions for all scopes...
2025-05-20 23:26:32.307 [info] Got 1 sessions for ...
2025-05-20 23:26:32.311 [info] Getting sessions for read:user,repo,user:email,workflow...
2025-05-20 23:26:32.311 [info] Got 0 sessions for read:user,repo,user:email,workflow...
2025-05-20 23:26:32.313 [info] Getting sessions for user:email...
2025-05-20 23:26:32.313 [info] Got 1 sessions for user:email...
