2025-05-17 18:35:37.345 [info] Reading sessions from keychain...
2025-05-17 18:35:37.345 [info] Getting sessions for all scopes...
2025-05-17 18:35:37.345 [info] Getting sessions for all scopes...
2025-05-17 18:35:37.345 [info] Getting sessions for all scopes...
2025-05-17 18:35:37.345 [info] Got 0 sessions for ...
2025-05-17 18:35:37.345 [info] Got 0 sessions for ...
2025-05-17 18:35:37.345 [info] Got 0 sessions for ...
2025-05-17 18:35:37.345 [info] Getting sessions for all scopes...
2025-05-17 18:35:37.345 [info] Got 0 sessions for ...
2025-05-17 18:35:37.345 [info] Getting sessions for all scopes...
2025-05-17 18:35:37.345 [info] Got 0 sessions for ...
2025-05-17 18:35:37.345 [info] Getting sessions for all scopes...
2025-05-17 18:35:37.345 [info] Got 0 sessions for ...
2025-05-17 18:35:37.346 [info] Getting sessions for all scopes...
2025-05-17 18:35:37.346 [info] Got 0 sessions for ...
2025-05-17 18:35:37.346 [info] Getting sessions for all scopes...
2025-05-17 18:35:37.346 [info] Got 0 sessions for ...
2025-05-17 18:35:37.471 [info] Getting sessions for all scopes...
2025-05-17 18:35:37.471 [info] Got 0 sessions for ...
2025-05-17 18:35:37.471 [info] Getting sessions for all scopes...
2025-05-17 18:35:37.471 [info] Got 0 sessions for ...
2025-05-17 18:35:37.471 [info] Getting sessions for all scopes...
2025-05-17 18:35:37.471 [info] Got 0 sessions for ...
2025-05-17 18:35:37.471 [info] Getting sessions for all scopes...
2025-05-17 18:35:37.471 [info] Got 0 sessions for ...
2025-05-17 18:35:37.472 [info] Getting sessions for all scopes...
2025-05-17 18:35:37.472 [info] Got 0 sessions for ...
2025-05-17 18:35:37.472 [info] Getting sessions for all scopes...
2025-05-17 18:35:37.472 [info] Got 0 sessions for ...
2025-05-17 18:35:37.852 [info] Getting sessions for all scopes...
2025-05-17 18:35:37.852 [info] Got 0 sessions for ...
2025-05-17 18:35:39.061 [info] Getting sessions for all scopes...
2025-05-17 18:35:39.061 [info] Got 0 sessions for ...
2025-05-17 19:10:02.859 [info] Logging in with 'any' account...
2025-05-17 19:10:02.859 [info] Logging in for the following scopes: user:email
2025-05-17 19:10:02.908 [info] Trying without local server... (user:email)
2025-05-17 19:11:39.328 [error] User Cancelled
2025-05-17 19:11:43.452 [info] Trying with local server... (user:email)
2025-05-17 19:11:48.018 [info] Exchanging code for token...
2025-05-17 19:11:48.609 [info] Token exchange success!
2025-05-17 19:11:48.613 [info] Getting user info...
2025-05-17 19:11:49.221 [info] Got account info!
2025-05-17 19:11:49.222 [info] Storing 1 sessions...
2025-05-17 19:11:54.261 [info] Reading sessions from keychain...
2025-05-17 19:11:54.262 [info] Stored 1 sessions!
2025-05-17 19:11:54.262 [info] Login success!
2025-05-17 19:11:54.270 [info] Getting sessions for all scopes...
2025-05-17 19:11:54.271 [info] Getting sessions for all scopes...
2025-05-17 19:11:54.274 [info] Got stored sessions!
2025-05-17 19:11:54.274 [info] Got 1 verified sessions.
2025-05-17 19:11:54.274 [info] Got 1 sessions for ...
2025-05-17 19:11:54.274 [info] Got 1 sessions for ...
2025-05-17 19:11:54.276 [info] Getting sessions for all scopes...
2025-05-17 19:11:54.276 [info] Got 1 sessions for ...
2025-05-17 19:12:11.332 [info] Getting sessions for all scopes...
2025-05-17 19:12:11.332 [info] Got 1 sessions for ...
2025-05-17 19:12:11.332 [info] Getting sessions for all scopes...
2025-05-17 19:12:11.332 [info] Got 1 sessions for ...
2025-05-17 19:12:11.369 [info] Getting sessions for all scopes...
2025-05-17 19:12:11.369 [info] Got 1 sessions for ...
2025-05-17 19:12:11.575 [info] Getting sessions for all scopes...
2025-05-17 19:12:11.575 [info] Got 1 sessions for ...
2025-05-17 19:12:11.576 [info] Getting sessions for read:user,repo,user:email,workflow...
2025-05-17 19:12:11.576 [info] Got 0 sessions for read:user,repo,user:email,workflow...
2025-05-17 19:12:11.577 [info] Getting sessions for read:user,repo,user:email,workflow...
2025-05-17 19:12:11.577 [info] Got 0 sessions for read:user,repo,user:email,workflow...
2025-05-17 19:12:12.050 [info] Getting sessions for read:user...
2025-05-17 19:12:12.050 [info] Got 0 sessions for read:user...
2025-05-17 19:12:12.051 [info] Getting sessions for user:email...
2025-05-17 19:12:12.051 [info] Got 1 sessions for user:email...
2025-05-17 19:12:12.051 [info] Getting sessions for read:user,repo,user:email,workflow...
2025-05-17 19:12:12.051 [info] Got 0 sessions for read:user,repo,user:email,workflow...
2025-05-17 19:12:12.052 [info] Getting sessions for user:email...
2025-05-17 19:12:12.052 [info] Got 1 sessions for user:email...
2025-05-17 19:12:12.053 [info] Getting sessions for all scopes...
2025-05-17 19:12:12.053 [info] Got 1 sessions for ...
2025-05-17 19:12:12.216 [info] Getting sessions for read:user,repo,user:email,workflow...
2025-05-17 19:12:12.216 [info] Got 0 sessions for read:user,repo,user:email,workflow...
2025-05-17 19:12:12.243 [info] Getting sessions for user:email...
2025-05-17 19:12:12.243 [info] Got 1 sessions for user:email...
2025-05-17 19:12:12.247 [info] Getting sessions for all scopes...
2025-05-17 19:12:12.247 [info] Got 1 sessions for ...
2025-05-17 19:12:12.268 [info] Getting sessions for read:user,repo,user:email,workflow...
2025-05-17 19:12:12.268 [info] Got 0 sessions for read:user,repo,user:email,workflow...
2025-05-17 19:12:12.274 [info] Getting sessions for user:email...
2025-05-17 19:12:12.274 [info] Got 1 sessions for user:email...
2025-05-17 19:12:13.721 [info] Getting sessions for all scopes...
2025-05-17 19:12:13.721 [info] Got 1 sessions for ...
2025-05-17 19:12:13.721 [info] Getting sessions for all scopes...
2025-05-17 19:12:13.721 [info] Got 1 sessions for ...
2025-05-17 19:12:13.889 [info] Getting sessions for read:user,repo,user:email,workflow...
2025-05-17 19:12:13.891 [info] Got 0 sessions for read:user,repo,user:email,workflow...
2025-05-17 19:12:13.902 [info] Getting sessions for user:email...
2025-05-17 19:12:13.902 [info] Got 1 sessions for user:email...
2025-05-17 19:12:13.902 [info] Getting sessions for read:user,repo,user:email,workflow...
2025-05-17 19:12:13.902 [info] Got 0 sessions for read:user,repo,user:email,workflow...
2025-05-17 19:12:13.918 [info] Getting sessions for all scopes...
2025-05-17 19:12:13.918 [info] Got 1 sessions for ...
2025-05-17 19:12:13.923 [info] Getting sessions for read:user,repo,user:email,workflow...
2025-05-17 19:12:13.923 [info] Got 0 sessions for read:user,repo,user:email,workflow...
2025-05-17 19:12:13.925 [info] Getting sessions for user:email...
2025-05-17 19:12:13.925 [info] Got 1 sessions for user:email...
2025-05-17 19:12:14.119 [info] Getting sessions for all scopes...
2025-05-17 19:12:14.119 [info] Got 1 sessions for ...
2025-05-17 19:12:14.120 [info] Getting sessions for all scopes...
2025-05-17 19:12:14.120 [info] Got 1 sessions for ...
2025-05-17 19:12:14.121 [info] Getting sessions for read:user,repo,user:email,workflow...
2025-05-17 19:12:14.121 [info] Got 0 sessions for read:user,repo,user:email,workflow...
2025-05-17 19:12:14.124 [info] Getting sessions for user:email...
2025-05-17 19:12:14.124 [info] Got 1 sessions for user:email...
2025-05-17 19:12:14.125 [info] Getting sessions for read:user,repo,user:email,workflow...
2025-05-17 19:12:14.125 [info] Got 0 sessions for read:user,repo,user:email,workflow...
2025-05-17 19:12:14.130 [info] Getting sessions for all scopes...
2025-05-17 19:12:14.130 [info] Got 1 sessions for ...
2025-05-17 19:12:14.135 [info] Getting sessions for all scopes...
2025-05-17 19:12:14.135 [info] Got 1 sessions for ...
2025-05-17 19:12:14.137 [info] Getting sessions for all scopes...
2025-05-17 19:12:14.137 [info] Got 1 sessions for ...
2025-05-17 19:12:14.139 [info] Getting sessions for read:user,repo,user:email,workflow...
2025-05-17 19:12:14.139 [info] Got 0 sessions for read:user,repo,user:email,workflow...
2025-05-17 19:12:14.140 [info] Getting sessions for user:email...
2025-05-17 19:12:14.140 [info] Got 1 sessions for user:email...
2025-05-17 19:12:15.855 [info] Getting sessions for all scopes...
2025-05-17 19:12:15.855 [info] Got 1 sessions for ...
2025-05-17 19:12:15.870 [info] Getting sessions for read:user,repo,user:email,workflow...
2025-05-17 19:12:15.870 [info] Got 0 sessions for read:user,repo,user:email,workflow...
2025-05-17 19:12:15.872 [info] Getting sessions for user:email...
2025-05-17 19:12:15.872 [info] Got 1 sessions for user:email...
2025-05-17 19:12:15.886 [info] Getting sessions for all scopes...
2025-05-17 19:12:15.887 [info] Got 1 sessions for ...
2025-05-17 19:12:15.887 [info] Getting sessions for read:user,repo,user:email,workflow...
2025-05-17 19:12:15.887 [info] Got 0 sessions for read:user,repo,user:email,workflow...
2025-05-17 19:12:15.890 [info] Getting sessions for user:email...
2025-05-17 19:12:15.890 [info] Got 1 sessions for user:email...
2025-05-17 19:12:16.837 [info] Getting sessions for all scopes...
2025-05-17 19:12:16.837 [info] Got 1 sessions for ...
2025-05-17 19:12:16.880 [info] Getting sessions for read:user,repo,user:email,workflow...
2025-05-17 19:12:16.881 [info] Got 0 sessions for read:user,repo,user:email,workflow...
2025-05-17 19:12:16.884 [info] Getting sessions for user:email...
2025-05-17 19:12:16.884 [info] Got 1 sessions for user:email...
2025-05-17 19:12:16.912 [info] Getting sessions for all scopes...
2025-05-17 19:12:16.912 [info] Got 1 sessions for ...
2025-05-17 19:12:16.913 [info] Getting sessions for read:user,repo,user:email,workflow...
2025-05-17 19:12:16.913 [info] Got 0 sessions for read:user,repo,user:email,workflow...
2025-05-17 19:12:16.914 [info] Getting sessions for user:email...
2025-05-17 19:12:16.914 [info] Got 1 sessions for user:email...
2025-05-17 19:12:19.337 [info] Getting sessions for all scopes...
2025-05-17 19:12:19.337 [info] Got 1 sessions for ...
2025-05-17 19:12:19.343 [info] Getting sessions for read:user,repo,user:email,workflow...
2025-05-17 19:12:19.343 [info] Got 0 sessions for read:user,repo,user:email,workflow...
2025-05-17 19:12:19.343 [info] Getting sessions for user:email...
2025-05-17 19:12:19.344 [info] Got 1 sessions for user:email...
2025-05-17 19:12:19.391 [info] Getting sessions for all scopes...
2025-05-17 19:12:19.391 [info] Got 1 sessions for ...
2025-05-17 19:12:19.398 [info] Getting sessions for read:user,repo,user:email,workflow...
2025-05-17 19:12:19.398 [info] Got 0 sessions for read:user,repo,user:email,workflow...
2025-05-17 19:12:19.399 [info] Getting sessions for user:email...
2025-05-17 19:12:19.399 [info] Got 1 sessions for user:email...
2025-05-17 19:12:21.252 [info] Getting sessions for all scopes...
2025-05-17 19:12:21.252 [info] Got 1 sessions for ...
2025-05-17 19:12:21.253 [info] Getting sessions for read:user,repo,user:email,workflow...
2025-05-17 19:12:21.253 [info] Got 0 sessions for read:user,repo,user:email,workflow...
2025-05-17 19:12:21.254 [info] Getting sessions for user:email...
2025-05-17 19:12:21.254 [info] Got 1 sessions for user:email...
2025-05-17 19:13:49.786 [info] Getting sessions for all scopes...
2025-05-17 19:13:49.786 [info] Got 1 sessions for ...
2025-05-17 19:13:49.787 [info] Getting sessions for read:user,repo,user:email,workflow...
2025-05-17 19:13:49.787 [info] Got 0 sessions for read:user,repo,user:email,workflow...
2025-05-17 19:13:49.788 [info] Getting sessions for user:email...
2025-05-17 19:13:49.788 [info] Got 1 sessions for user:email...
2025-05-17 19:13:53.343 [info] Getting sessions for all scopes...
2025-05-17 19:13:53.343 [info] Got 1 sessions for ...
2025-05-17 19:13:53.367 [info] Getting sessions for read:user,repo,user:email,workflow...
2025-05-17 19:13:53.367 [info] Got 0 sessions for read:user,repo,user:email,workflow...
2025-05-17 19:13:53.387 [info] Getting sessions for user:email...
2025-05-17 19:13:53.387 [info] Got 1 sessions for user:email...
2025-05-17 19:13:55.716 [info] Getting sessions for all scopes...
2025-05-17 19:13:55.716 [info] Got 1 sessions for ...
2025-05-17 19:13:55.738 [info] Getting sessions for read:user,repo,user:email,workflow...
2025-05-17 19:13:55.738 [info] Got 0 sessions for read:user,repo,user:email,workflow...
2025-05-17 19:13:55.739 [info] Getting sessions for user:email...
2025-05-17 19:13:55.740 [info] Got 1 sessions for user:email...
2025-05-17 19:14:15.299 [info] Getting sessions for all scopes...
2025-05-17 19:14:15.299 [info] Got 1 sessions for ...
2025-05-17 19:14:15.300 [info] Getting sessions for read:user,repo,user:email,workflow...
2025-05-17 19:14:15.300 [info] Got 0 sessions for read:user,repo,user:email,workflow...
2025-05-17 19:14:15.301 [info] Getting sessions for user:email...
2025-05-17 19:14:15.301 [info] Got 1 sessions for user:email...
2025-05-17 19:14:20.361 [info] Getting sessions for all scopes...
2025-05-17 19:14:20.361 [info] Got 1 sessions for ...
2025-05-17 19:14:20.361 [info] Getting sessions for all scopes...
2025-05-17 19:14:20.361 [info] Got 1 sessions for ...
2025-05-17 19:14:20.362 [info] Getting sessions for read:user,repo,user:email,workflow...
2025-05-17 19:14:20.362 [info] Got 0 sessions for read:user,repo,user:email,workflow...
2025-05-17 19:14:20.363 [info] Getting sessions for user:email...
2025-05-17 19:14:20.363 [info] Got 1 sessions for user:email...
2025-05-17 19:14:20.363 [info] Getting sessions for read:user,repo,user:email,workflow...
2025-05-17 19:14:20.363 [info] Got 0 sessions for read:user,repo,user:email,workflow...
2025-05-17 19:14:20.422 [info] Getting sessions for all scopes...
2025-05-17 19:14:20.422 [info] Got 1 sessions for ...
2025-05-17 19:14:20.491 [info] Getting sessions for read:user,repo,user:email,workflow...
2025-05-17 19:14:20.491 [info] Got 0 sessions for read:user,repo,user:email,workflow...
2025-05-17 19:14:20.501 [info] Getting sessions for user:email...
2025-05-17 19:14:20.501 [info] Got 1 sessions for user:email...
2025-05-17 19:14:20.653 [info] Getting sessions for all scopes...
2025-05-17 19:14:20.653 [info] Got 1 sessions for ...
2025-05-17 19:14:20.657 [info] Getting sessions for all scopes...
2025-05-17 19:14:20.657 [info] Got 1 sessions for ...
2025-05-17 19:14:20.670 [info] Getting sessions for read:user,repo,user:email,workflow...
2025-05-17 19:14:20.670 [info] Got 0 sessions for read:user,repo,user:email,workflow...
2025-05-17 19:14:20.673 [info] Getting sessions for user:email...
2025-05-17 19:14:20.673 [info] Got 1 sessions for user:email...
2025-05-17 19:14:21.013 [info] Getting sessions for all scopes...
2025-05-17 19:14:21.013 [info] Got 1 sessions for ...
2025-05-17 19:14:21.016 [info] Getting sessions for read:user,repo,user:email,workflow...
2025-05-17 19:14:21.016 [info] Got 0 sessions for read:user,repo,user:email,workflow...
2025-05-17 19:14:21.017 [info] Getting sessions for user:email...
2025-05-17 19:14:21.017 [info] Got 1 sessions for user:email...
2025-05-17 19:14:28.655 [info] Getting sessions for all scopes...
2025-05-17 19:14:28.655 [info] Got 1 sessions for ...
2025-05-17 19:14:28.661 [info] Getting sessions for read:user,repo,user:email,workflow...
2025-05-17 19:14:28.661 [info] Got 0 sessions for read:user,repo,user:email,workflow...
2025-05-17 19:14:28.664 [info] Getting sessions for user:email...
2025-05-17 19:14:28.664 [info] Got 1 sessions for user:email...
2025-05-17 19:14:30.239 [info] Getting sessions for all scopes...
2025-05-17 19:14:30.239 [info] Got 1 sessions for ...
2025-05-17 19:14:30.241 [info] Getting sessions for read:user,repo,user:email,workflow...
2025-05-17 19:14:30.242 [info] Got 0 sessions for read:user,repo,user:email,workflow...
2025-05-17 19:14:30.245 [info] Getting sessions for user:email...
2025-05-17 19:14:30.245 [info] Got 1 sessions for user:email...
2025-05-17 19:14:30.961 [info] Getting sessions for all scopes...
2025-05-17 19:14:30.961 [info] Got 1 sessions for ...
2025-05-17 19:14:30.964 [info] Getting sessions for read:user,repo,user:email,workflow...
2025-05-17 19:14:30.964 [info] Got 0 sessions for read:user,repo,user:email,workflow...
2025-05-17 19:14:30.966 [info] Getting sessions for user:email...
2025-05-17 19:14:30.966 [info] Got 1 sessions for user:email...
2025-05-17 19:14:31.102 [info] Getting sessions for all scopes...
2025-05-17 19:14:31.102 [info] Got 1 sessions for ...
2025-05-17 19:14:31.128 [info] Getting sessions for read:user,repo,user:email,workflow...
2025-05-17 19:14:31.128 [info] Got 0 sessions for read:user,repo,user:email,workflow...
2025-05-17 19:14:31.130 [info] Getting sessions for user:email...
2025-05-17 19:14:31.131 [info] Got 1 sessions for user:email...
2025-05-17 19:14:34.412 [info] Getting sessions for all scopes...
2025-05-17 19:14:34.412 [info] Got 1 sessions for ...
2025-05-17 19:14:34.483 [info] Getting sessions for read:user,repo,user:email,workflow...
2025-05-17 19:14:34.483 [info] Got 0 sessions for read:user,repo,user:email,workflow...
2025-05-17 19:14:34.513 [info] Getting sessions for user:email...
2025-05-17 19:14:34.514 [info] Got 1 sessions for user:email...
2025-05-17 19:27:15.877 [info] Getting sessions for all scopes...
2025-05-17 19:27:15.877 [info] Got 1 sessions for ...
2025-05-17 19:27:15.879 [info] Getting sessions for read:user,repo,user:email,workflow...
2025-05-17 19:27:15.879 [info] Got 0 sessions for read:user,repo,user:email,workflow...
2025-05-17 19:27:15.881 [info] Getting sessions for user:email...
2025-05-17 19:27:15.881 [info] Got 1 sessions for user:email...
