2025-05-21 17:42:57.140 [info] Reading sessions from keychain...
2025-05-21 17:42:57.140 [info] Getting sessions for all scopes...
2025-05-21 17:42:57.140 [info] Getting sessions for all scopes...
2025-05-21 17:42:57.140 [info] Getting sessions for all scopes...
2025-05-21 17:42:57.140 [info] Getting sessions for all scopes...
2025-05-21 17:42:57.140 [info] Getting sessions for all scopes...
2025-05-21 17:42:57.140 [info] Getting sessions for all scopes...
2025-05-21 17:42:57.140 [info] Getting sessions for all scopes...
2025-05-21 17:42:57.140 [info] Got stored sessions!
2025-05-21 17:42:57.140 [info] Got 1 verified sessions.
2025-05-21 17:42:57.140 [info] Got 1 sessions for ...
2025-05-21 17:42:57.140 [info] Got 1 sessions for ...
2025-05-21 17:42:57.140 [info] Got 1 sessions for ...
2025-05-21 17:42:57.140 [info] Got 1 sessions for ...
2025-05-21 17:42:57.140 [info] Got 1 sessions for ...
2025-05-21 17:42:57.140 [info] Got 1 sessions for ...
2025-05-21 17:42:57.140 [info] Got 1 sessions for ...
2025-05-21 17:42:57.457 [info] Getting sessions for all scopes...
2025-05-21 17:42:57.457 [info] Got 1 sessions for ...
2025-05-21 17:42:57.458 [info] Getting sessions for all scopes...
2025-05-21 17:42:57.458 [info] Got 1 sessions for ...
2025-05-21 17:42:57.458 [info] Getting sessions for all scopes...
2025-05-21 17:42:57.458 [info] Got 1 sessions for ...
2025-05-21 17:42:57.458 [info] Getting sessions for all scopes...
2025-05-21 17:42:57.458 [info] Got 1 sessions for ...
2025-05-21 17:42:57.459 [info] Getting sessions for all scopes...
2025-05-21 17:42:57.459 [info] Got 1 sessions for ...
2025-05-21 17:42:57.459 [info] Getting sessions for all scopes...
2025-05-21 17:42:57.459 [info] Got 1 sessions for ...
2025-05-21 17:42:57.459 [info] Getting sessions for all scopes...
2025-05-21 17:42:57.459 [info] Got 1 sessions for ...
2025-05-21 17:42:57.459 [info] Getting sessions for all scopes...
2025-05-21 17:42:57.459 [info] Got 1 sessions for ...
2025-05-21 17:42:57.587 [info] Getting sessions for all scopes...
2025-05-21 17:42:57.587 [info] Got 1 sessions for ...
2025-05-21 17:42:58.210 [info] Getting sessions for read:user,repo,user:email,workflow...
2025-05-21 17:42:58.210 [info] Got 0 sessions for read:user,repo,user:email,workflow...
2025-05-21 17:42:59.255 [info] Getting sessions for all scopes...
2025-05-21 17:42:59.255 [info] Got 1 sessions for ...
2025-05-21 17:42:59.547 [info] Getting sessions for user:email...
2025-05-21 17:42:59.547 [info] Got 1 sessions for user:email...
2025-05-21 17:42:59.547 [info] Getting sessions for read:user,repo,user:email,workflow...
2025-05-21 17:42:59.547 [info] Got 0 sessions for read:user,repo,user:email,workflow...
2025-05-21 17:42:59.555 [info] Getting sessions for all scopes...
2025-05-21 17:42:59.555 [info] Got 1 sessions for ...
2025-05-21 17:42:59.615 [info] Getting sessions for all scopes...
2025-05-21 17:42:59.616 [info] Got 1 sessions for ...
2025-05-21 17:42:59.755 [info] Getting sessions for all scopes...
2025-05-21 17:42:59.755 [info] Got 1 sessions for ...
2025-05-21 17:42:59.755 [info] Getting sessions for read:user,repo,user:email,workflow...
2025-05-21 17:42:59.755 [info] Got 0 sessions for read:user,repo,user:email,workflow...
2025-05-21 17:42:59.794 [info] Getting sessions for all scopes...
2025-05-21 17:42:59.794 [info] Got 1 sessions for ...
2025-05-21 17:42:59.829 [info] Getting sessions for all scopes...
2025-05-21 17:42:59.829 [info] Got 1 sessions for ...
2025-05-21 17:42:59.891 [info] Getting sessions for read:user...
2025-05-21 17:42:59.891 [info] Got 0 sessions for read:user...
2025-05-21 17:43:00.246 [info] Getting sessions for read:user,repo,user:email,workflow...
2025-05-21 17:43:00.246 [info] Got 0 sessions for read:user,repo,user:email,workflow...
2025-05-21 17:43:00.298 [info] Getting sessions for user:email...
2025-05-21 17:43:00.298 [info] Got 1 sessions for user:email...
2025-05-21 17:43:00.312 [info] Getting sessions for user:email...
2025-05-21 17:43:00.312 [info] Got 1 sessions for user:email...
2025-05-21 17:43:01.515 [info] Getting sessions for all scopes...
2025-05-21 17:43:01.515 [info] Got 1 sessions for ...
2025-05-21 17:43:01.521 [info] Getting sessions for all scopes...
2025-05-21 17:43:01.521 [info] Got 1 sessions for ...
2025-05-21 17:43:01.551 [info] Getting sessions for read:user,repo,user:email,workflow...
2025-05-21 17:43:01.551 [info] Got 0 sessions for read:user,repo,user:email,workflow...
2025-05-21 17:43:01.566 [info] Getting sessions for user:email...
2025-05-21 17:43:01.566 [info] Got 1 sessions for user:email...
2025-05-21 17:43:01.577 [info] Getting sessions for read:user,repo,user:email,workflow...
2025-05-21 17:43:01.577 [info] Got 0 sessions for read:user,repo,user:email,workflow...
2025-05-21 17:43:01.604 [info] Getting sessions for all scopes...
2025-05-21 17:43:01.604 [info] Got 1 sessions for ...
2025-05-21 17:43:01.646 [info] Getting sessions for read:user,repo,user:email,workflow...
2025-05-21 17:43:01.647 [info] Got 0 sessions for read:user,repo,user:email,workflow...
2025-05-21 17:43:01.665 [info] Getting sessions for user:email...
2025-05-21 17:43:01.665 [info] Got 1 sessions for user:email...
2025-05-21 17:43:01.911 [info] Getting sessions for all scopes...
2025-05-21 17:43:01.911 [info] Got 1 sessions for ...
2025-05-21 17:43:01.912 [info] Getting sessions for all scopes...
2025-05-21 17:43:01.912 [info] Got 1 sessions for ...
2025-05-21 17:43:01.914 [info] Getting sessions for read:user,repo,user:email,workflow...
2025-05-21 17:43:01.915 [info] Got 0 sessions for read:user,repo,user:email,workflow...
2025-05-21 17:43:01.915 [info] Getting sessions for user:email...
2025-05-21 17:43:01.915 [info] Got 1 sessions for user:email...
2025-05-21 17:43:01.915 [info] Getting sessions for read:user,repo,user:email,workflow...
2025-05-21 17:43:01.915 [info] Got 0 sessions for read:user,repo,user:email,workflow...
2025-05-21 17:43:01.919 [info] Getting sessions for all scopes...
2025-05-21 17:43:01.919 [info] Got 1 sessions for ...
2025-05-21 17:43:01.922 [info] Getting sessions for all scopes...
2025-05-21 17:43:01.922 [info] Got 1 sessions for ...
2025-05-21 17:43:01.922 [info] Getting sessions for all scopes...
2025-05-21 17:43:01.922 [info] Got 1 sessions for ...
2025-05-21 17:43:01.934 [info] Getting sessions for read:user,repo,user:email,workflow...
2025-05-21 17:43:01.934 [info] Got 0 sessions for read:user,repo,user:email,workflow...
2025-05-21 17:43:01.939 [info] Getting sessions for user:email...
2025-05-21 17:43:01.939 [info] Got 1 sessions for user:email...
2025-05-21 17:43:04.262 [info] Getting sessions for all scopes...
2025-05-21 17:43:04.262 [info] Got 1 sessions for ...
2025-05-21 17:43:04.265 [info] Getting sessions for read:user,repo,user:email,workflow...
2025-05-21 17:43:04.265 [info] Got 0 sessions for read:user,repo,user:email,workflow...
2025-05-21 17:43:04.267 [info] Getting sessions for user:email...
2025-05-21 17:43:04.268 [info] Got 1 sessions for user:email...
2025-05-21 17:44:32.179 [info] Getting sessions for read:user,repo,user:email,workflow...
2025-05-21 17:44:32.179 [info] Got 0 sessions for read:user,repo,user:email,workflow...
2025-05-21 17:44:35.234 [info] Logging in with 'any' account...
2025-05-21 17:44:35.235 [info] Logging in for the following scopes: read:user repo user:email workflow
2025-05-21 17:44:35.252 [info] Trying without local server... (read:user repo user:email workflow)
2025-05-21 17:45:57.990 [info] Getting sessions for all scopes...
2025-05-21 17:45:57.990 [info] Got 1 sessions for ...
2025-05-21 17:45:57.991 [info] Getting sessions for read:user,repo,user:email,workflow...
2025-05-21 17:45:57.991 [info] Got 0 sessions for read:user,repo,user:email,workflow...
2025-05-21 17:45:57.992 [info] Getting sessions for user:email...
2025-05-21 17:45:57.992 [info] Got 1 sessions for user:email...
2025-05-21 17:46:00.214 [info] Getting sessions for all scopes...
2025-05-21 17:46:00.214 [info] Got 1 sessions for ...
2025-05-21 17:46:00.218 [info] Getting sessions for read:user,repo,user:email,workflow...
2025-05-21 17:46:00.218 [info] Got 0 sessions for read:user,repo,user:email,workflow...
2025-05-21 17:46:00.219 [info] Getting sessions for user:email...
2025-05-21 17:46:00.219 [info] Got 1 sessions for user:email...
2025-05-21 17:48:59.085 [error] User Cancelled
2025-05-21 17:49:03.697 [info] Trying with local server... (read:user repo user:email workflow)
2025-05-21 17:49:09.272 [info] Exchanging code for token...
2025-05-21 17:49:09.744 [info] Token exchange success!
2025-05-21 17:49:09.745 [info] Getting user info...
2025-05-21 17:49:10.244 [info] Got account info!
2025-05-21 17:49:10.244 [info] Storing 2 sessions...
2025-05-21 17:49:10.249 [info] Reading sessions from keychain...
2025-05-21 17:49:10.249 [info] Stored 2 sessions!
2025-05-21 17:49:10.249 [info] Login success!
2025-05-21 17:49:10.250 [info] Getting sessions for all scopes...
2025-05-21 17:49:10.253 [info] Getting sessions for all scopes...
2025-05-21 17:49:10.253 [info] Getting sessions for all scopes...
2025-05-21 17:49:10.254 [info] Getting sessions for all scopes...
2025-05-21 17:49:10.285 [info] Got stored sessions!
2025-05-21 17:49:10.285 [info] Got 2 verified sessions.
2025-05-21 17:49:10.285 [info] Got 2 sessions for ...
2025-05-21 17:49:10.285 [info] Got 2 sessions for ...
2025-05-21 17:49:10.285 [info] Got 2 sessions for ...
2025-05-21 17:49:10.286 [info] Got 2 sessions for ...
2025-05-21 17:49:10.287 [info] Getting sessions for all scopes...
2025-05-21 17:49:10.287 [info] Got 2 sessions for ...
2025-05-21 17:49:10.287 [info] Getting sessions for all scopes...
2025-05-21 17:49:10.287 [info] Got 2 sessions for ...
2025-05-21 17:49:10.307 [info] Getting sessions for all scopes...
2025-05-21 17:49:10.307 [info] Got 2 sessions for ...
2025-05-21 17:49:10.307 [info] Getting sessions for all scopes...
2025-05-21 17:49:10.307 [info] Got 2 sessions for ...
2025-05-21 17:49:10.307 [info] Getting sessions for read:user,repo,user:email,workflow...
2025-05-21 17:49:10.307 [info] Got 1 sessions for read:user,repo,user:email,workflow...
2025-05-21 17:49:10.312 [info] Getting sessions for read:user,repo,user:email,workflow...
2025-05-21 17:49:10.312 [info] Got 1 sessions for read:user,repo,user:email,workflow...
2025-05-21 17:49:10.316 [info] Getting sessions for all scopes...
2025-05-21 17:49:10.316 [info] Got 2 sessions for ...
2025-05-21 17:49:10.317 [info] Getting sessions for read:user,repo,user:email,workflow...
2025-05-21 17:49:10.317 [info] Got 1 sessions for read:user,repo,user:email,workflow...
2025-05-21 17:49:10.318 [info] Getting sessions for all scopes...
2025-05-21 17:49:10.318 [info] Got 2 sessions for ...
2025-05-21 17:49:10.318 [info] Getting sessions for read:user,repo,user:email,workflow...
2025-05-21 17:49:10.319 [info] Got 1 sessions for read:user,repo,user:email,workflow...
2025-05-21 17:49:11.351 [info] Getting sessions for all scopes...
2025-05-21 17:49:11.351 [info] Got 2 sessions for ...
2025-05-21 17:49:11.351 [info] Getting sessions for all scopes...
2025-05-21 17:49:11.351 [info] Got 2 sessions for ...
2025-05-21 17:49:11.354 [info] Getting sessions for read:user,repo,user:email,workflow...
2025-05-21 17:49:11.354 [info] Got 1 sessions for read:user,repo,user:email,workflow...
2025-05-21 17:49:11.357 [info] Getting sessions for all scopes...
2025-05-21 17:49:11.357 [info] Got 2 sessions for ...
2025-05-21 17:49:11.359 [info] Getting sessions for read:user,repo,user:email,workflow...
2025-05-21 17:49:11.359 [info] Got 1 sessions for read:user,repo,user:email,workflow...
2025-05-21 17:49:11.360 [info] Getting sessions for all scopes...
2025-05-21 17:49:11.361 [info] Got 2 sessions for ...
2025-05-21 17:49:11.361 [info] Getting sessions for read:user,repo,user:email,workflow...
2025-05-21 17:49:11.361 [info] Got 1 sessions for read:user,repo,user:email,workflow...
2025-05-21 17:54:23.283 [info] Getting sessions for read:user,repo,user:email,workflow...
2025-05-21 17:54:23.283 [info] Got 1 sessions for read:user,repo,user:email,workflow...
